Using pre-set license
Built from '2021.3/staging' branch; Version is '2021.3.4f1 (cb45f9cae8b7) revision 13321721'; Using compiler version '192829333'; Build Type 'Release'
OS: 'Windows 11  (10.0.22000) 64bit Professional' Language: 'ko' Physical Memory: 16334 MB
BatchMode: 1, IsHumanControllingUs: 0, StartBugReporterOnCrash: 0, Is64bit: 1, IsPro: 1

COMMAND LINE ARGUMENTS:
C:\Program Files\Unity\Hub\Editor\2021.3.4f1\Editor\Unity.exe
-adb2
-batchMode
-noUpm
-name
AssetImportWorker2
-projectPath
C:/Users/thddb/My project
-logFile
Logs/AssetImportWorker2.log
-srvPort
50792
Successfully changed project path to: C:/Users/thddb/My project
C:/Users/thddb/My project
[UnityMemory] Configuration Parameters - Can be set up in boot.config
    "memorysetup-bucket-allocator-granularity=16"
    "memorysetup-bucket-allocator-bucket-count=8"
    "memorysetup-bucket-allocator-block-size=33554432"
    "memorysetup-bucket-allocator-block-count=8"
    "memorysetup-main-allocator-block-size=16777216"
    "memorysetup-thread-allocator-block-size=16777216"
    "memorysetup-gfx-main-allocator-block-size=16777216"
    "memorysetup-gfx-thread-allocator-block-size=16777216"
    "memorysetup-cache-allocator-block-size=4194304"
    "memorysetup-typetree-allocator-block-size=2097152"
    "memorysetup-profiler-bucket-allocator-granularity=16"
    "memorysetup-profiler-bucket-allocator-bucket-count=8"
    "memorysetup-profiler-bucket-allocator-block-size=33554432"
    "memorysetup-profiler-bucket-allocator-block-count=8"
    "memorysetup-profiler-allocator-block-size=16777216"
    "memorysetup-profiler-editor-allocator-block-size=1048576"
    "memorysetup-temp-allocator-size-main=16777216"
    "memorysetup-job-temp-allocator-block-size=2097152"
    "memorysetup-job-temp-allocator-block-size-background=1048576"
    "memorysetup-job-temp-allocator-reduction-small-platforms=262144"
    "memorysetup-temp-allocator-size-background-worker=32768"
    "memorysetup-temp-allocator-size-job-worker=262144"
    "memorysetup-temp-allocator-size-preload-manager=33554432"
    "memorysetup-temp-allocator-size-nav-mesh-worker=65536"
    "memorysetup-temp-allocator-size-audio-worker=65536"
    "memorysetup-temp-allocator-size-cloud-worker=32768"
    "memorysetup-temp-allocator-size-gi-baking-worker=262144"
    "memorysetup-temp-allocator-size-gfx=262144"
Refreshing native plugins compatible for Editor in 105.71 ms, found 4 plugins.
Preloading 0 native plugins for Editor in 0.00 ms.
Initialize engine version: 2021.3.4f1 (cb45f9cae8b7)
[Subsystems] Discovering subsystems at path C:/Program Files/Unity/Hub/Editor/2021.3.4f1/Editor/Data/Resources/UnitySubsystems
[Subsystems] Discovering subsystems at path C:/Users/thddb/My project/Assets
GfxDevice: creating device client; threaded=0; jobified=0
Direct3D:
    Version:  Direct3D 11.0 [level 11.1]
    Renderer: NVIDIA GeForce GTX 1060 3GB (ID=0x1b84)
    Vendor:   NVIDIA
    VRAM:     2988 MB
    Driver:   30.0.15.1295
Initialize mono
Mono path[0] = 'C:/Program Files/Unity/Hub/Editor/2021.3.4f1/Editor/Data/Managed'
Mono path[1] = 'C:/Program Files/Unity/Hub/Editor/2021.3.4f1/Editor/Data/MonoBleedingEdge/lib/mono/unityjit-win32'
Mono config path = 'C:/Program Files/Unity/Hub/Editor/2021.3.4f1/Editor/Data/MonoBleedingEdge/etc'
Using monoOptions --debugger-agent=transport=dt_socket,embedding=1,server=y,suspend=n,address=127.0.0.1:56420
Begin MonoManager ReloadAssembly
Registering precompiled unity dll's ...
Register platform support module: C:/Program Files/Unity/Hub/Editor/2021.3.4f1/Editor/Data/PlaybackEngines/WebGLSupport/UnityEditor.WebGL.Extensions.dll
Register platform support module: C:/Program Files/Unity/Hub/Editor/2021.3.4f1/Editor/Data/PlaybackEngines/WindowsStandaloneSupport/UnityEditor.WindowsStandalone.Extensions.dll
Registered in 0.005985 seconds.
Native extension for WindowsStandalone target not found
Native extension for WebGL target not found
Refreshing native plugins compatible for Editor in 103.61 ms, found 4 plugins.
Preloading 0 native plugins for Editor in 0.00 ms.
Mono: successfully reloaded assembly
- Completed reload, in  0.685 seconds
Domain Reload Profiling:
	ReloadAssembly (686ms)
		BeginReloadAssembly (81ms)
			ExecutionOrderSort (0ms)
			DisableScriptedObjects (0ms)
			BackupInstance (0ms)
			ReleaseScriptingObjects (0ms)
			CreateAndSetChildDomain (1ms)
		EndReloadAssembly (487ms)
			LoadAssemblies (78ms)
			RebuildTransferFunctionScriptingTraits (0ms)
			SetupTypeCache (112ms)
			ReleaseScriptCaches (0ms)
			RebuildScriptCaches (28ms)
			SetupLoadedEditorAssemblies (290ms)
				LogAssemblyErrors (0ms)
				InitializePlatformSupportModulesInManaged (9ms)
				SetLoadedEditorAssemblies (0ms)
				RefreshPlugins (104ms)
				BeforeProcessingInitializeOnLoad (1ms)
				ProcessInitializeOnLoadAttributes (128ms)
				ProcessInitializeOnLoadMethodAttributes (48ms)
				AfterProcessingInitializeOnLoad (0ms)
				EditorAssembliesLoaded (0ms)
			ExecutionOrderSort2 (0ms)
			AwakeInstancesAfterBackupRestoration (0ms)
Platform modules already initialized, skipping
Registering precompiled user dll's ...
Registered in 0.008228 seconds.
Begin MonoManager ReloadAssembly
Symbol file LoadedFromMemory doesn't match image C:\Users\thddb\My project\Library\PackageCache\com.unity.visualscripting@1.7.8\Editor\VisualScripting.Core\Dependencies\YamlDotNet\Unity.VisualScripting.YamlDotNet.dll
Symbol file LoadedFromMemory doesn't match image C:\Users\thddb\My project\Library\PackageCache\com.unity.visualscripting@1.7.8\Editor\VisualScripting.Core\Dependencies\DotNetZip\Unity.VisualScripting.IonicZip.dll
Native extension for WindowsStandalone target not found
Native extension for WebGL target not found
Refreshing native plugins compatible for Editor in 101.00 ms, found 4 plugins.
Preloading 0 native plugins for Editor in 0.00 ms.
Mono: successfully reloaded assembly
- Completed reload, in  1.211 seconds
Domain Reload Profiling:
	ReloadAssembly (1211ms)
		BeginReloadAssembly (115ms)
			ExecutionOrderSort (0ms)
			DisableScriptedObjects (7ms)
			BackupInstance (0ms)
			ReleaseScriptingObjects (0ms)
			CreateAndSetChildDomain (19ms)
		EndReloadAssembly (969ms)
			LoadAssemblies (91ms)
			RebuildTransferFunctionScriptingTraits (0ms)
			SetupTypeCache (267ms)
			ReleaseScriptCaches (1ms)
			RebuildScriptCaches (58ms)
			SetupLoadedEditorAssemblies (503ms)
				LogAssemblyErrors (0ms)
				InitializePlatformSupportModulesInManaged (5ms)
				SetLoadedEditorAssemblies (0ms)
				RefreshPlugins (101ms)
				BeforeProcessingInitializeOnLoad (103ms)
				ProcessInitializeOnLoadAttributes (240ms)
				ProcessInitializeOnLoadMethodAttributes (45ms)
				AfterProcessingInitializeOnLoad (8ms)
				EditorAssembliesLoaded (0ms)
			ExecutionOrderSort2 (0ms)
			AwakeInstancesAfterBackupRestoration (6ms)
Platform modules already initialized, skipping
========================================================================
Worker process is ready to serve import requests
Launched and connected shader compiler UnityShaderCompiler.exe after 0.08 seconds
Refreshing native plugins compatible for Editor in 0.88 ms, found 4 plugins.
Preloading 0 native plugins for Editor in 0.00 ms.
Unloading 4056 Unused Serialized files (Serialized files now loaded: 0)
Unloading 44 unused Assets / (222.4 KB). Loaded Objects now: 4506.
Memory consumption went from 150.9 MB to 150.7 MB.
Total: 4.165500 ms (FindLiveObjects: 0.396700 ms CreateObjectMapping: 0.141600 ms MarkObjects: 3.455500 ms  DeleteObjects: 0.170300 ms)

AssetImportParameters requested are different than current active one (requested -> active):
  custom:video-decoder-ogg-theora: a1e56fd34408186e4bbccfd4996cb3dc -> 
  custom:container-muxer-webm: aa71ff27fc2769a1b78a27578f13a17b -> 
  custom:container-demuxer-webm: 4f35f7cbe854078d1ac9338744f61a02 -> 
  custom:video-encoder-webm-vp8: eb34c28f22e8b96e1ab97ce403110664 -> 
  custom:audio-encoder-webm-vorbis: bf7c407c2cedff20999df2af8eb42d56 -> 
  custom:framework-win-MediaFoundation: 216162199b28c13a410421893ffa2e32 -> 
  custom:container-demuxer-ogg: 62fdf1f143b41e24485cea50d1cbac27 -> 
  custom:video-decoder-webm-vp8: 9c59270c3fd7afecdb556c50c9e8de78 -> 
  custom:audio-decoder-ogg-vorbis: bf7c407c2cedff20999df2af8eb42d56 -> 
========================================================================
Received Import Request.
  Time since last request: 6186.965764 seconds.
  path: Assets/TileMap/Tile2.png
  artifactKey: Guid(867f3d903d2a96c49b24e65bb34acc73) Importer(815301076,1909f56bfc062723c751e8b465ee728b)
Start importing Assets/TileMap/Tile2.png using Guid(867f3d903d2a96c49b24e65bb34acc73) Importer(815301076,1909f56bfc062723c751e8b465ee728b)  -> (artifact id: '2951722d2ede368ccf0421695672d3c1') in 0.132972 seconds 
========================================================================
Received Import Request.
  Time since last request: 20.569958 seconds.
  path: Assets/TileMap/Tile2.png
  artifactKey: Guid(867f3d903d2a96c49b24e65bb34acc73) Importer(815301076,1909f56bfc062723c751e8b465ee728b)
Start importing Assets/TileMap/Tile2.png using Guid(867f3d903d2a96c49b24e65bb34acc73) Importer(815301076,1909f56bfc062723c751e8b465ee728b)  -> (artifact id: '88ba801904daa07382d97f853e979914') in 0.016915 seconds 
========================================================================
Received Import Request.
  Time since last request: 5.672462 seconds.
  path: Assets/TileMap/Tile2.png
  artifactKey: Guid(867f3d903d2a96c49b24e65bb34acc73) Importer(815301076,1909f56bfc062723c751e8b465ee728b)
Start importing Assets/TileMap/Tile2.png using Guid(867f3d903d2a96c49b24e65bb34acc73) Importer(815301076,1909f56bfc062723c751e8b465ee728b)  -> (artifact id: '6bdd5b10578091473ddaacc80ddd417d') in 0.011729 seconds 
========================================================================
Received Import Request.
  Time since last request: 3.859080 seconds.
  path: Assets/TileMap/New Palette.prefab
  artifactKey: Guid(7018044737ce2da4face7dfd899b2c5b) Importer(815301076,1909f56bfc062723c751e8b465ee728b)
Start importing Assets/TileMap/New Palette.prefab using Guid(7018044737ce2da4face7dfd899b2c5b) Importer(815301076,1909f56bfc062723c751e8b465ee728b)  -> (artifact id: '5cbc053daa94219f80de90f14bd9b427') in 0.047322 seconds 
========================================================================
Received Import Request.
  Time since last request: 7.734072 seconds.
  path: Assets/TileMap/New Palette.prefab
  artifactKey: Guid(7018044737ce2da4face7dfd899b2c5b) Importer(815301076,1909f56bfc062723c751e8b465ee728b)
Start importing Assets/TileMap/New Palette.prefab using Guid(7018044737ce2da4face7dfd899b2c5b) Importer(815301076,1909f56bfc062723c751e8b465ee728b)  -> (artifact id: '2171dde213244212a54cadd885d630d1') in 0.011278 seconds 
========================================================================
Received Import Request.
  Time since last request: 8.006490 seconds.
  path: Assets/TileMap/New Palette.prefab
  artifactKey: Guid(7018044737ce2da4face7dfd899b2c5b) Importer(815301076,1909f56bfc062723c751e8b465ee728b)
Start importing Assets/TileMap/New Palette.prefab using Guid(7018044737ce2da4face7dfd899b2c5b) Importer(815301076,1909f56bfc062723c751e8b465ee728b)  -> (artifact id: 'b9c5ecad9df75ed26dd805e7fdc57521') in 0.012356 seconds 
========================================================================
Received Import Request.
  Time since last request: 24.776024 seconds.
  path: Assets/TileMap/New Palette.prefab
  artifactKey: Guid(7018044737ce2da4face7dfd899b2c5b) Importer(815301076,1909f56bfc062723c751e8b465ee728b)
Start importing Assets/TileMap/New Palette.prefab using Guid(7018044737ce2da4face7dfd899b2c5b) Importer(815301076,1909f56bfc062723c751e8b465ee728b)  -> (artifact id: 'e45f8e91ca6a4372820b1fd80a57f24b') in 0.013165 seconds 
========================================================================
Received Import Request.
  Time since last request: 18.615780 seconds.
  path: Assets/TileMap/New Palette.prefab
  artifactKey: Guid(7018044737ce2da4face7dfd899b2c5b) Importer(815301076,1909f56bfc062723c751e8b465ee728b)
Start importing Assets/TileMap/New Palette.prefab using Guid(7018044737ce2da4face7dfd899b2c5b) Importer(815301076,1909f56bfc062723c751e8b465ee728b)  -> (artifact id: '0a1d4a31d790752fb4e91993f4a56bbd') in 0.011169 seconds 
========================================================================
Received Import Request.
  Time since last request: 5.332391 seconds.
  path: Assets/TileMap/New Palette.prefab
  artifactKey: Guid(7018044737ce2da4face7dfd899b2c5b) Importer(815301076,1909f56bfc062723c751e8b465ee728b)
Start importing Assets/TileMap/New Palette.prefab using Guid(7018044737ce2da4face7dfd899b2c5b) Importer(815301076,1909f56bfc062723c751e8b465ee728b)  -> (artifact id: '6b39abe8539e5c405302db5faddf41b4') in 0.012151 seconds 
========================================================================
Received Import Request.
  Time since last request: 8.939277 seconds.
  path: Assets/TileMap/New Palette.prefab
  artifactKey: Guid(7018044737ce2da4face7dfd899b2c5b) Importer(815301076,1909f56bfc062723c751e8b465ee728b)
Start importing Assets/TileMap/New Palette.prefab using Guid(7018044737ce2da4face7dfd899b2c5b) Importer(815301076,1909f56bfc062723c751e8b465ee728b)  -> (artifact id: '30383c77a6902543cdf2a22b7228d7c5') in 0.011698 seconds 
========================================================================
Received Import Request.
  Time since last request: 29.873480 seconds.
  path: Assets/TileMap/New Palette.prefab
  artifactKey: Guid(7018044737ce2da4face7dfd899b2c5b) Importer(815301076,1909f56bfc062723c751e8b465ee728b)
Start importing Assets/TileMap/New Palette.prefab using Guid(7018044737ce2da4face7dfd899b2c5b) Importer(815301076,1909f56bfc062723c751e8b465ee728b)  -> (artifact id: 'c1c7c59381b2c0ce7ac7ce42a04950c6') in 0.013537 seconds 
========================================================================
Received Import Request.
  Time since last request: 7.398901 seconds.
  path: Assets/TileMap/New Palette.prefab
  artifactKey: Guid(7018044737ce2da4face7dfd899b2c5b) Importer(815301076,1909f56bfc062723c751e8b465ee728b)
Start importing Assets/TileMap/New Palette.prefab using Guid(7018044737ce2da4face7dfd899b2c5b) Importer(815301076,1909f56bfc062723c751e8b465ee728b)  -> (artifact id: 'c8d9961e8b291400c10f669642a93049') in 0.012475 seconds 
========================================================================
Received Import Request.
  Time since last request: 49.253653 seconds.
  path: Assets/TileMap/New Palette.prefab
  artifactKey: Guid(7018044737ce2da4face7dfd899b2c5b) Importer(815301076,1909f56bfc062723c751e8b465ee728b)
Start importing Assets/TileMap/New Palette.prefab using Guid(7018044737ce2da4face7dfd899b2c5b) Importer(815301076,1909f56bfc062723c751e8b465ee728b)  -> (artifact id: 'ab4709c52a55af5c7469514bee84c476') in 0.012903 seconds 
========================================================================
Received Import Request.
  Time since last request: 7.902600 seconds.
  path: Assets/TileMap/New Palette.prefab
  artifactKey: Guid(7018044737ce2da4face7dfd899b2c5b) Importer(815301076,1909f56bfc062723c751e8b465ee728b)
Start importing Assets/TileMap/New Palette.prefab using Guid(7018044737ce2da4face7dfd899b2c5b) Importer(815301076,1909f56bfc062723c751e8b465ee728b)  -> (artifact id: '9f12f8ffbcd75c84ed5340a3b810b912') in 0.011881 seconds 
========================================================================
Received Import Request.
  Time since last request: 134.589665 seconds.
  path: Assets/TileMap/New Palette.prefab
  artifactKey: Guid(7018044737ce2da4face7dfd899b2c5b) Importer(815301076,1909f56bfc062723c751e8b465ee728b)
Start importing Assets/TileMap/New Palette.prefab using Guid(7018044737ce2da4face7dfd899b2c5b) Importer(815301076,1909f56bfc062723c751e8b465ee728b)  -> (artifact id: '1045ed2ce64b5cefb404a0669303c371') in 0.014598 seconds 
========================================================================
Received Import Request.
  Time since last request: 0.000036 seconds.
  path: Assets/TileMap/Tile1_1.asset
  artifactKey: Guid(ba2ec9b43be297649857044c546dd9b7) Importer(815301076,1909f56bfc062723c751e8b465ee728b)
Start importing Assets/TileMap/Tile1_1.asset using Guid(ba2ec9b43be297649857044c546dd9b7) Importer(815301076,1909f56bfc062723c751e8b465ee728b)  -> (artifact id: 'd677e3f611aba8c26cc45835dd3c399e') in 0.012555 seconds 
========================================================================
Received Import Request.
  Time since last request: 0.000037 seconds.
  path: Assets/TileMap/Tile1_2.asset
  artifactKey: Guid(f8bf5d0654ee2704e85738953b394b54) Importer(815301076,1909f56bfc062723c751e8b465ee728b)
Start importing Assets/TileMap/Tile1_2.asset using Guid(f8bf5d0654ee2704e85738953b394b54) Importer(815301076,1909f56bfc062723c751e8b465ee728b)  -> (artifact id: '7db9f52be0d0684a213a3819821f639c') in 0.008184 seconds 
========================================================================
Received Import Request.
  Time since last request: 42.052500 seconds.
  path: Assets/TileMap/Tile1_3 1.asset
  artifactKey: Guid(1edcdd673588e6c4184bc248343ad5b8) Importer(815301076,1909f56bfc062723c751e8b465ee728b)
Start importing Assets/TileMap/Tile1_3 1.asset using Guid(1edcdd673588e6c4184bc248343ad5b8) Importer(815301076,1909f56bfc062723c751e8b465ee728b)  -> (artifact id: '1186f4929b04db8b71f47108f36a6354') in 0.010950 seconds 
========================================================================
Received Import Request.
  Time since last request: 0.000567 seconds.
  path: Assets/TileMap/New Palette.prefab
  artifactKey: Guid(7018044737ce2da4face7dfd899b2c5b) Importer(815301076,1909f56bfc062723c751e8b465ee728b)
Start importing Assets/TileMap/New Palette.prefab using Guid(7018044737ce2da4face7dfd899b2c5b) Importer(815301076,1909f56bfc062723c751e8b465ee728b)  -> (artifact id: '5839fe4b1e19e238227d551ea10c92c8') in 0.011766 seconds 
========================================================================
Received Import Request.
  Time since last request: 222.325208 seconds.
  path: ProjectSettings/TagManager.asset
  artifactKey: Guid(00000000000000003000000000000000) Importer(815301076,1909f56bfc062723c751e8b465ee728b)
Start importing ProjectSettings/TagManager.asset using Guid(00000000000000003000000000000000) Importer(815301076,1909f56bfc062723c751e8b465ee728b)  -> (artifact id: '5f74b9f0782f3ffe8a654b2b60a9f33c') in 0.007321 seconds 
========================================================================
Received Import Request.
  Time since last request: 4983.303384 seconds.
  path: Assets/Bullet.prefab
  artifactKey: Guid(69b3b1d33a54e1b4c80076f209ff02d0) Importer(815301076,1909f56bfc062723c751e8b465ee728b)
Start importing Assets/Bullet.prefab using Guid(69b3b1d33a54e1b4c80076f209ff02d0) Importer(815301076,1909f56bfc062723c751e8b465ee728b)  -> (artifact id: 'aa561b1787d22575e44ed8bdddf0dc3b') in 0.040068 seconds 
========================================================================
Received Import Request.
  Time since last request: 0.918919 seconds.
  path: Assets
  artifactKey: Guid(00000000000000001000000000000000) Importer(815301076,1909f56bfc062723c751e8b465ee728b)
Start importing Assets using Guid(00000000000000001000000000000000) Importer(815301076,1909f56bfc062723c751e8b465ee728b)  -> (artifact id: '79842766b460edbeab6a34051e857a80') in 0.009173 seconds 
========================================================================
Received Import Request.
  Time since last request: 6.049464 seconds.
  path: Assets/Asset
  artifactKey: Guid(c09ac0f68dfb59b49943ebb54ddd520f) Importer(815301076,1909f56bfc062723c751e8b465ee728b)
Start importing Assets/Asset using Guid(c09ac0f68dfb59b49943ebb54ddd520f) Importer(815301076,1909f56bfc062723c751e8b465ee728b)  -> (artifact id: 'b32e0e1a3f110feaa591e209c4b1f3a8') in 0.008216 seconds 
========================================================================
Received Import Request.
  Time since last request: 8.866670 seconds.
  path: Assets/Asset/Isometric Diamond.prefab
  artifactKey: Guid(b71e4e200bb192b418edf4ece83b49c3) Importer(815301076,1909f56bfc062723c751e8b465ee728b)
Start importing Assets/Asset/Isometric Diamond.prefab using Guid(b71e4e200bb192b418edf4ece83b49c3) Importer(815301076,1909f56bfc062723c751e8b465ee728b)  -> (artifact id: 'd50318d99af253c0019503bdd4e5bd01') in 0.017842 seconds 
========================================================================
Received Import Request.
  Time since last request: 1.045567 seconds.
  path: Assets/Asset/Circle.prefab
  artifactKey: Guid(edd9921bfa28f7f4a908cfd395d80ec7) Importer(815301076,1909f56bfc062723c751e8b465ee728b)
Start importing Assets/Asset/Circle.prefab using Guid(edd9921bfa28f7f4a908cfd395d80ec7) Importer(815301076,1909f56bfc062723c751e8b465ee728b)  -> (artifact id: '14dd15a53185cf3dafc52430014e2aeb') in 0.017770 seconds 
========================================================================
Received Import Request.
  Time since last request: 1.562889 seconds.
  path: Assets/Asset/Square.prefab
  artifactKey: Guid(2c73ed6c225cff4478671c01a45dd99b) Importer(815301076,1909f56bfc062723c751e8b465ee728b)
Start importing Assets/Asset/Square.prefab using Guid(2c73ed6c225cff4478671c01a45dd99b) Importer(815301076,1909f56bfc062723c751e8b465ee728b)  -> (artifact id: '0b87396266c248c0762729f0dcb2699d') in 0.017227 seconds 
