Using pre-set license
Built from '2021.3/staging' branch; Version is '2021.3.4f1 (cb45f9cae8b7) revision 13321721'; Using compiler version '192829333'; Build Type 'Release'
OS: 'Windows 11  (10.0.22000) 64bit Professional' Language: 'ko' Physical Memory: 16334 MB
BatchMode: 1, IsHumanControllingUs: 0, StartBugReporterOnCrash: 0, Is64bit: 1, IsPro: 1

COMMAND LINE ARGUMENTS:
C:\Program Files\Unity\Hub\Editor\2021.3.4f1\Editor\Unity.exe
-adb2
-batchMode
-noUpm
-name
AssetImportWorker0
-projectPath
C:/Users/thddb/My project
-logFile
Logs/AssetImportWorker0.log
-srvPort
55518
Successfully changed project path to: C:/Users/thddb/My project
C:/Users/thddb/My project
[UnityMemory] Configuration Parameters - Can be set up in boot.config
    "memorysetup-bucket-allocator-granularity=16"
    "memorysetup-bucket-allocator-bucket-count=8"
    "memorysetup-bucket-allocator-block-size=33554432"
    "memorysetup-bucket-allocator-block-count=8"
    "memorysetup-main-allocator-block-size=16777216"
    "memorysetup-thread-allocator-block-size=16777216"
    "memorysetup-gfx-main-allocator-block-size=16777216"
    "memorysetup-gfx-thread-allocator-block-size=16777216"
    "memorysetup-cache-allocator-block-size=4194304"
    "memorysetup-typetree-allocator-block-size=2097152"
    "memorysetup-profiler-bucket-allocator-granularity=16"
    "memorysetup-profiler-bucket-allocator-bucket-count=8"
    "memorysetup-profiler-bucket-allocator-block-size=33554432"
    "memorysetup-profiler-bucket-allocator-block-count=8"
    "memorysetup-profiler-allocator-block-size=16777216"
    "memorysetup-profiler-editor-allocator-block-size=1048576"
    "memorysetup-temp-allocator-size-main=16777216"
    "memorysetup-job-temp-allocator-block-size=2097152"
    "memorysetup-job-temp-allocator-block-size-background=1048576"
    "memorysetup-job-temp-allocator-reduction-small-platforms=262144"
    "memorysetup-temp-allocator-size-background-worker=32768"
    "memorysetup-temp-allocator-size-job-worker=262144"
    "memorysetup-temp-allocator-size-preload-manager=33554432"
    "memorysetup-temp-allocator-size-nav-mesh-worker=65536"
    "memorysetup-temp-allocator-size-audio-worker=65536"
    "memorysetup-temp-allocator-size-cloud-worker=32768"
    "memorysetup-temp-allocator-size-gi-baking-worker=262144"
    "memorysetup-temp-allocator-size-gfx=262144"
Refreshing native plugins compatible for Editor in 116.92 ms, found 4 plugins.
Preloading 0 native plugins for Editor in 0.00 ms.
Initialize engine version: 2021.3.4f1 (cb45f9cae8b7)
[Subsystems] Discovering subsystems at path C:/Program Files/Unity/Hub/Editor/2021.3.4f1/Editor/Data/Resources/UnitySubsystems
[Subsystems] Discovering subsystems at path C:/Users/thddb/My project/Assets
GfxDevice: creating device client; threaded=0; jobified=0
Direct3D:
    Version:  Direct3D 11.0 [level 11.1]
    Renderer: NVIDIA GeForce GTX 1060 3GB (ID=0x1b84)
    Vendor:   NVIDIA
    VRAM:     2988 MB
    Driver:   30.0.15.1295
Initialize mono
Mono path[0] = 'C:/Program Files/Unity/Hub/Editor/2021.3.4f1/Editor/Data/Managed'
Mono path[1] = 'C:/Program Files/Unity/Hub/Editor/2021.3.4f1/Editor/Data/MonoBleedingEdge/lib/mono/unityjit-win32'
Mono config path = 'C:/Program Files/Unity/Hub/Editor/2021.3.4f1/Editor/Data/MonoBleedingEdge/etc'
Using monoOptions --debugger-agent=transport=dt_socket,embedding=1,server=y,suspend=n,address=127.0.0.1:56312
Begin MonoManager ReloadAssembly
Registering precompiled unity dll's ...
Register platform support module: C:/Program Files/Unity/Hub/Editor/2021.3.4f1/Editor/Data/PlaybackEngines/WebGLSupport/UnityEditor.WebGL.Extensions.dll
Register platform support module: C:/Program Files/Unity/Hub/Editor/2021.3.4f1/Editor/Data/PlaybackEngines/WindowsStandaloneSupport/UnityEditor.WindowsStandalone.Extensions.dll
Registered in 0.006438 seconds.
Native extension for WindowsStandalone target not found
Native extension for WebGL target not found
Refreshing native plugins compatible for Editor in 110.71 ms, found 4 plugins.
Preloading 0 native plugins for Editor in 0.00 ms.
Mono: successfully reloaded assembly
- Completed reload, in  0.743 seconds
Domain Reload Profiling:
	ReloadAssembly (744ms)
		BeginReloadAssembly (82ms)
			ExecutionOrderSort (0ms)
			DisableScriptedObjects (0ms)
			BackupInstance (0ms)
			ReleaseScriptingObjects (0ms)
			CreateAndSetChildDomain (1ms)
		EndReloadAssembly (542ms)
			LoadAssemblies (79ms)
			RebuildTransferFunctionScriptingTraits (0ms)
			SetupTypeCache (128ms)
			ReleaseScriptCaches (0ms)
			RebuildScriptCaches (29ms)
			SetupLoadedEditorAssemblies (318ms)
				LogAssemblyErrors (0ms)
				InitializePlatformSupportModulesInManaged (10ms)
				SetLoadedEditorAssemblies (0ms)
				RefreshPlugins (111ms)
				BeforeProcessingInitializeOnLoad (1ms)
				ProcessInitializeOnLoadAttributes (147ms)
				ProcessInitializeOnLoadMethodAttributes (49ms)
				AfterProcessingInitializeOnLoad (0ms)
				EditorAssembliesLoaded (0ms)
			ExecutionOrderSort2 (0ms)
			AwakeInstancesAfterBackupRestoration (0ms)
Platform modules already initialized, skipping
Registering precompiled user dll's ...
Registered in 0.008220 seconds.
Begin MonoManager ReloadAssembly
Symbol file LoadedFromMemory doesn't match image C:\Users\thddb\My project\Library\PackageCache\com.unity.visualscripting@1.7.8\Editor\VisualScripting.Core\Dependencies\YamlDotNet\Unity.VisualScripting.YamlDotNet.dll
Symbol file LoadedFromMemory doesn't match image C:\Users\thddb\My project\Library\PackageCache\com.unity.visualscripting@1.7.8\Editor\VisualScripting.Core\Dependencies\DotNetZip\Unity.VisualScripting.IonicZip.dll
Native extension for WindowsStandalone target not found
Native extension for WebGL target not found
Refreshing native plugins compatible for Editor in 112.58 ms, found 4 plugins.
Preloading 0 native plugins for Editor in 0.00 ms.
Mono: successfully reloaded assembly
- Completed reload, in  1.286 seconds
Domain Reload Profiling:
	ReloadAssembly (1287ms)
		BeginReloadAssembly (116ms)
			ExecutionOrderSort (0ms)
			DisableScriptedObjects (7ms)
			BackupInstance (0ms)
			ReleaseScriptingObjects (0ms)
			CreateAndSetChildDomain (19ms)
		EndReloadAssembly (1036ms)
			LoadAssemblies (93ms)
			RebuildTransferFunctionScriptingTraits (0ms)
			SetupTypeCache (260ms)
			ReleaseScriptCaches (1ms)
			RebuildScriptCaches (64ms)
			SetupLoadedEditorAssemblies (551ms)
				LogAssemblyErrors (0ms)
				InitializePlatformSupportModulesInManaged (6ms)
				SetLoadedEditorAssemblies (0ms)
				RefreshPlugins (113ms)
				BeforeProcessingInitializeOnLoad (109ms)
				ProcessInitializeOnLoadAttributes (267ms)
				ProcessInitializeOnLoadMethodAttributes (48ms)
				AfterProcessingInitializeOnLoad (8ms)
				EditorAssembliesLoaded (0ms)
			ExecutionOrderSort2 (0ms)
			AwakeInstancesAfterBackupRestoration (7ms)
Platform modules already initialized, skipping
========================================================================
Worker process is ready to serve import requests
Launched and connected shader compiler UnityShaderCompiler.exe after 0.06 seconds
Refreshing native plugins compatible for Editor in 1.64 ms, found 4 plugins.
Preloading 0 native plugins for Editor in 0.00 ms.
Unloading 4083 Unused Serialized files (Serialized files now loaded: 0)
Unloading 44 unused Assets / (222.4 KB). Loaded Objects now: 4534.
Memory consumption went from 153.5 MB to 153.3 MB.
Total: 4.548900 ms (FindLiveObjects: 0.366900 ms CreateObjectMapping: 0.101300 ms MarkObjects: 3.896000 ms  DeleteObjects: 0.183300 ms)

AssetImportParameters requested are different than current active one (requested -> active):
  custom:video-decoder-ogg-theora: a1e56fd34408186e4bbccfd4996cb3dc -> 
  custom:container-muxer-webm: aa71ff27fc2769a1b78a27578f13a17b -> 
  custom:container-demuxer-webm: 4f35f7cbe854078d1ac9338744f61a02 -> 
  custom:video-encoder-webm-vp8: eb34c28f22e8b96e1ab97ce403110664 -> 
  custom:audio-encoder-webm-vorbis: bf7c407c2cedff20999df2af8eb42d56 -> 
  custom:framework-win-MediaFoundation: 216162199b28c13a410421893ffa2e32 -> 
  custom:container-demuxer-ogg: 62fdf1f143b41e24485cea50d1cbac27 -> 
  custom:video-decoder-webm-vp8: 9c59270c3fd7afecdb556c50c9e8de78 -> 
  custom:audio-decoder-ogg-vorbis: bf7c407c2cedff20999df2af8eb42d56 -> 
========================================================================
Received Import Request.
  Time since last request: 302291.769181 seconds.
  path: Assets/Asset/Prefab/Enemy01 2.prefab
  artifactKey: Guid(ee031378530eaef4d8a0edd76cf7005b) Importer(815301076,1909f56bfc062723c751e8b465ee728b)
Start importing Assets/Asset/Prefab/Enemy01 2.prefab using Guid(ee031378530eaef4d8a0edd76cf7005b) Importer(815301076,1909f56bfc062723c751e8b465ee728b)  -> (artifact id: '3fb91e73bcc22f72df5ff7370a9118b9') in 0.138544 seconds 
========================================================================
Received Import Request.
  Time since last request: 0.000023 seconds.
  path: Assets/Asset/Prefab/Enemy01 1.prefab
  artifactKey: Guid(8ab76202cdcc86141b18b6ebb3ce46c9) Importer(815301076,1909f56bfc062723c751e8b465ee728b)
Start importing Assets/Asset/Prefab/Enemy01 1.prefab using Guid(8ab76202cdcc86141b18b6ebb3ce46c9) Importer(815301076,1909f56bfc062723c751e8b465ee728b)  -> (artifact id: 'a0c60feb4f8669b18d2c39ef548948b5') in 0.018374 seconds 
========================================================================
Received Import Request.
  Time since last request: 35.663428 seconds.
  path: Assets/Asset/Prefab/Enemy01 1.prefab
  artifactKey: Guid(8ab76202cdcc86141b18b6ebb3ce46c9) Importer(815301076,1909f56bfc062723c751e8b465ee728b)
Start importing Assets/Asset/Prefab/Enemy01 1.prefab using Guid(8ab76202cdcc86141b18b6ebb3ce46c9) Importer(815301076,1909f56bfc062723c751e8b465ee728b)  -> (artifact id: '62b5c77aa0acc2e13d188a74686269b2') in 0.012535 seconds 
========================================================================
Received Import Request.
  Time since last request: 5.035173 seconds.
  path: Assets/Asset/Prefab/Enemy01 2.prefab
  artifactKey: Guid(ee031378530eaef4d8a0edd76cf7005b) Importer(815301076,1909f56bfc062723c751e8b465ee728b)
Start importing Assets/Asset/Prefab/Enemy01 2.prefab using Guid(ee031378530eaef4d8a0edd76cf7005b) Importer(815301076,1909f56bfc062723c751e8b465ee728b)  -> (artifact id: '141ee5a9d238f81059b6b0565c5b51eb') in 0.012350 seconds 
========================================================================
Received Import Request.
  Time since last request: 2.401821 seconds.
  path: Assets/Asset/Prefab/Enemy01 3.prefab
  artifactKey: Guid(7766ed60881bb6a4aa50d3f32c6acf0a) Importer(815301076,1909f56bfc062723c751e8b465ee728b)
Start importing Assets/Asset/Prefab/Enemy01 3.prefab using Guid(7766ed60881bb6a4aa50d3f32c6acf0a) Importer(815301076,1909f56bfc062723c751e8b465ee728b)  -> (artifact id: '5a8d8e5d7e4cd745160fdc9315183045') in 0.011838 seconds 
========================================================================
Received Import Request.
  Time since last request: 4.297204 seconds.
  path: Assets/Asset/Prefab/Enemy01 4.prefab
  artifactKey: Guid(86fa846968b526c46a276446433b6ec0) Importer(815301076,1909f56bfc062723c751e8b465ee728b)
Start importing Assets/Asset/Prefab/Enemy01 4.prefab using Guid(86fa846968b526c46a276446433b6ec0) Importer(815301076,1909f56bfc062723c751e8b465ee728b)  -> (artifact id: 'f4efb81bf4fab9ec3132f16b6eb4a4f6') in 0.012973 seconds 
========================================================================
Received Import Request.
  Time since last request: 10.277411 seconds.
  path: Assets/Asset/Prefab/Enemy01 4.prefab
  artifactKey: Guid(86fa846968b526c46a276446433b6ec0) Importer(815301076,1909f56bfc062723c751e8b465ee728b)
Start importing Assets/Asset/Prefab/Enemy01 4.prefab using Guid(86fa846968b526c46a276446433b6ec0) Importer(815301076,1909f56bfc062723c751e8b465ee728b)  -> (artifact id: '21ab6ca7282466264b855514c3e495c3') in 0.013250 seconds 
========================================================================
Received Import Request.
  Time since last request: 14.633745 seconds.
  path: Assets/Asset/Prefab/Enemy01 1.prefab
  artifactKey: Guid(8ab76202cdcc86141b18b6ebb3ce46c9) Importer(815301076,1909f56bfc062723c751e8b465ee728b)
Start importing Assets/Asset/Prefab/Enemy01 1.prefab using Guid(8ab76202cdcc86141b18b6ebb3ce46c9) Importer(815301076,1909f56bfc062723c751e8b465ee728b)  -> (artifact id: '7ed03999deb35e7e029d9fb2ed55c15d') in 0.011475 seconds 
========================================================================
Received Import Request.
  Time since last request: 3.852273 seconds.
  path: Assets/Asset/Prefab/Enemy01 1.prefab
  artifactKey: Guid(8ab76202cdcc86141b18b6ebb3ce46c9) Importer(815301076,1909f56bfc062723c751e8b465ee728b)
Start importing Assets/Asset/Prefab/Enemy01 1.prefab using Guid(8ab76202cdcc86141b18b6ebb3ce46c9) Importer(815301076,1909f56bfc062723c751e8b465ee728b)  -> (artifact id: '5ab36e5cab0172540fc172b70edcdf01') in 0.012175 seconds 
========================================================================
Received Import Request.
  Time since last request: 7.664254 seconds.
  path: Assets/Asset/Prefab/Enemy01 2.prefab
  artifactKey: Guid(ee031378530eaef4d8a0edd76cf7005b) Importer(815301076,1909f56bfc062723c751e8b465ee728b)
Start importing Assets/Asset/Prefab/Enemy01 2.prefab using Guid(ee031378530eaef4d8a0edd76cf7005b) Importer(815301076,1909f56bfc062723c751e8b465ee728b)  -> (artifact id: 'a77bc196a54e340dff096cfb7d109e7d') in 0.008321 seconds 
========================================================================
Received Import Request.
  Time since last request: 5.830648 seconds.
  path: Assets/Asset/Prefab/Enemy01 2.prefab
  artifactKey: Guid(ee031378530eaef4d8a0edd76cf7005b) Importer(815301076,1909f56bfc062723c751e8b465ee728b)
Start importing Assets/Asset/Prefab/Enemy01 2.prefab using Guid(ee031378530eaef4d8a0edd76cf7005b) Importer(815301076,1909f56bfc062723c751e8b465ee728b)  -> (artifact id: '3c0b616a0e983a18e792ea189dd9f498') in 0.009762 seconds 
========================================================================
Received Import Request.
  Time since last request: 3.222048 seconds.
  path: Assets/Asset/Prefab/Enemy01 2.prefab
  artifactKey: Guid(ee031378530eaef4d8a0edd76cf7005b) Importer(815301076,1909f56bfc062723c751e8b465ee728b)
Start importing Assets/Asset/Prefab/Enemy01 2.prefab using Guid(ee031378530eaef4d8a0edd76cf7005b) Importer(815301076,1909f56bfc062723c751e8b465ee728b)  -> (artifact id: '8e64555e709f39dd4afc98592dc1a2e5') in 0.008847 seconds 
========================================================================
Received Import Request.
  Time since last request: 2.981992 seconds.
  path: Assets/Asset/Prefab/Enemy01 1.prefab
  artifactKey: Guid(8ab76202cdcc86141b18b6ebb3ce46c9) Importer(815301076,1909f56bfc062723c751e8b465ee728b)
Start importing Assets/Asset/Prefab/Enemy01 1.prefab using Guid(8ab76202cdcc86141b18b6ebb3ce46c9) Importer(815301076,1909f56bfc062723c751e8b465ee728b)  -> (artifact id: 'c89f6be9eacd4ee35d91b3edbc52cda3') in 0.014187 seconds 
========================================================================
Received Import Request.
  Time since last request: 4.949286 seconds.
  path: Assets/Asset/Prefab/Enemy01 3.prefab
  artifactKey: Guid(7766ed60881bb6a4aa50d3f32c6acf0a) Importer(815301076,1909f56bfc062723c751e8b465ee728b)
Start importing Assets/Asset/Prefab/Enemy01 3.prefab using Guid(7766ed60881bb6a4aa50d3f32c6acf0a) Importer(815301076,1909f56bfc062723c751e8b465ee728b)  -> (artifact id: '7de89b9b9ee7b7f6ff7d39e85ec1785b') in 0.008332 seconds 
========================================================================
Received Import Request.
  Time since last request: 2.805384 seconds.
  path: Assets/Asset/Prefab/Enemy01 3.prefab
  artifactKey: Guid(7766ed60881bb6a4aa50d3f32c6acf0a) Importer(815301076,1909f56bfc062723c751e8b465ee728b)
Start importing Assets/Asset/Prefab/Enemy01 3.prefab using Guid(7766ed60881bb6a4aa50d3f32c6acf0a) Importer(815301076,1909f56bfc062723c751e8b465ee728b)  -> (artifact id: '4f5170ed885dcb047e46479cd61be8cb') in 0.008944 seconds 
========================================================================
Received Import Request.
  Time since last request: 0.805058 seconds.
  path: Assets/Asset/Prefab/Enemy01 3.prefab
  artifactKey: Guid(7766ed60881bb6a4aa50d3f32c6acf0a) Importer(815301076,1909f56bfc062723c751e8b465ee728b)
Start importing Assets/Asset/Prefab/Enemy01 3.prefab using Guid(7766ed60881bb6a4aa50d3f32c6acf0a) Importer(815301076,1909f56bfc062723c751e8b465ee728b)  -> (artifact id: 'e3801f59969a19ec830aadbd524a2b25') in 0.008809 seconds 
========================================================================
Received Import Request.
  Time since last request: 5.810712 seconds.
  path: Assets/Asset/Prefab/Enemy01 4.prefab
  artifactKey: Guid(86fa846968b526c46a276446433b6ec0) Importer(815301076,1909f56bfc062723c751e8b465ee728b)
Start importing Assets/Asset/Prefab/Enemy01 4.prefab using Guid(86fa846968b526c46a276446433b6ec0) Importer(815301076,1909f56bfc062723c751e8b465ee728b)  -> (artifact id: 'f1e14fd7d542023fdc68d9923fb057f5') in 0.011387 seconds 
========================================================================
Received Import Request.
  Time since last request: 2.000644 seconds.
  path: Assets/Asset/Prefab/Enemy01 4.prefab
  artifactKey: Guid(86fa846968b526c46a276446433b6ec0) Importer(815301076,1909f56bfc062723c751e8b465ee728b)
Start importing Assets/Asset/Prefab/Enemy01 4.prefab using Guid(86fa846968b526c46a276446433b6ec0) Importer(815301076,1909f56bfc062723c751e8b465ee728b)  -> (artifact id: 'c18b2a1e7d8730758e5f9d42103f55e5') in 0.011618 seconds 
========================================================================
Received Import Request.
  Time since last request: 0.980426 seconds.
  path: Assets/Asset/Prefab/Enemy01 4.prefab
  artifactKey: Guid(86fa846968b526c46a276446433b6ec0) Importer(815301076,1909f56bfc062723c751e8b465ee728b)
Start importing Assets/Asset/Prefab/Enemy01 4.prefab using Guid(86fa846968b526c46a276446433b6ec0) Importer(815301076,1909f56bfc062723c751e8b465ee728b)  -> (artifact id: '44cab13e3273296cc07f7629325ec3bb') in 0.012486 seconds 
========================================================================
Received Import Request.
  Time since last request: 11.370904 seconds.
  path: Assets/Asset/Prefab/Enemy02.prefab
  artifactKey: Guid(8ab76202cdcc86141b18b6ebb3ce46c9) Importer(815301076,1909f56bfc062723c751e8b465ee728b)
Start importing Assets/Asset/Prefab/Enemy02.prefab using Guid(8ab76202cdcc86141b18b6ebb3ce46c9) Importer(815301076,1909f56bfc062723c751e8b465ee728b)  -> (artifact id: '7f7eff5d77dba41f548bc36c7f2e8176') in 0.013328 seconds 
========================================================================
Received Import Request.
  Time since last request: 3.801173 seconds.
  path: Assets/Asset/Prefab/Enemy03.prefab
  artifactKey: Guid(ee031378530eaef4d8a0edd76cf7005b) Importer(815301076,1909f56bfc062723c751e8b465ee728b)
Start importing Assets/Asset/Prefab/Enemy03.prefab using Guid(ee031378530eaef4d8a0edd76cf7005b) Importer(815301076,1909f56bfc062723c751e8b465ee728b)  -> (artifact id: '4011da73987a5402ab58e84f75930f70') in 0.012341 seconds 
========================================================================
Received Import Request.
  Time since last request: 2.797141 seconds.
  path: Assets/Asset/Prefab/Enemy04.prefab
  artifactKey: Guid(7766ed60881bb6a4aa50d3f32c6acf0a) Importer(815301076,1909f56bfc062723c751e8b465ee728b)
Start importing Assets/Asset/Prefab/Enemy04.prefab using Guid(7766ed60881bb6a4aa50d3f32c6acf0a) Importer(815301076,1909f56bfc062723c751e8b465ee728b)  -> (artifact id: '4f198f0bd42002b8ff8959ee6b1365bf') in 0.012619 seconds 
========================================================================
Received Import Request.
  Time since last request: 3.539142 seconds.
  path: Assets/Asset/Prefab/Enemy05.prefab
  artifactKey: Guid(86fa846968b526c46a276446433b6ec0) Importer(815301076,1909f56bfc062723c751e8b465ee728b)
Start importing Assets/Asset/Prefab/Enemy05.prefab using Guid(86fa846968b526c46a276446433b6ec0) Importer(815301076,1909f56bfc062723c751e8b465ee728b)  -> (artifact id: 'bb3444b9d17fa19ba1d9a16aee4033c6') in 0.013943 seconds 
========================================================================
Received Import Request.
  Time since last request: 60.337474 seconds.
  path: Assets/Script/WaveSystem.cs
  artifactKey: Guid(d65487a44eaf12b41a9a267234c8f5cd) Importer(815301076,1909f56bfc062723c751e8b465ee728b)
Start importing Assets/Script/WaveSystem.cs using Guid(d65487a44eaf12b41a9a267234c8f5cd) Importer(815301076,1909f56bfc062723c751e8b465ee728b)  -> (artifact id: '7c92ace5fb83618a2b1bcb0b96dab2bc') in 0.008633 seconds 
========================================================================
Received Prepare
Registering precompiled user dll's ...
Registered in 0.009892 seconds.
Begin MonoManager ReloadAssembly
Symbol file LoadedFromMemory doesn't match image C:\Users\thddb\My project\Library\PackageCache\com.unity.visualscripting@1.7.8\Editor\VisualScripting.Core\Dependencies\YamlDotNet\Unity.VisualScripting.YamlDotNet.dll
Symbol file LoadedFromMemory doesn't match image C:\Users\thddb\My project\Library\PackageCache\com.unity.visualscripting@1.7.8\Editor\VisualScripting.Core\Dependencies\DotNetZip\Unity.VisualScripting.IonicZip.dll
Native extension for WindowsStandalone target not found
Native extension for WebGL target not found
Refreshing native plugins compatible for Editor in 0.85 ms, found 4 plugins.
Preloading 0 native plugins for Editor in 0.00 ms.
Mono: successfully reloaded assembly
- Completed reload, in  1.280 seconds
Domain Reload Profiling:
	ReloadAssembly (1280ms)
		BeginReloadAssembly (161ms)
			ExecutionOrderSort (0ms)
			DisableScriptedObjects (8ms)
			BackupInstance (0ms)
			ReleaseScriptingObjects (0ms)
			CreateAndSetChildDomain (46ms)
		EndReloadAssembly (983ms)
			LoadAssemblies (105ms)
			RebuildTransferFunctionScriptingTraits (0ms)
			SetupTypeCache (330ms)
			ReleaseScriptCaches (2ms)
			RebuildScriptCaches (60ms)
			SetupLoadedEditorAssemblies (424ms)
				LogAssemblyErrors (0ms)
				InitializePlatformSupportModulesInManaged (20ms)
				SetLoadedEditorAssemblies (1ms)
				RefreshPlugins (1ms)
				BeforeProcessingInitializeOnLoad (90ms)
				ProcessInitializeOnLoadAttributes (256ms)
				ProcessInitializeOnLoadMethodAttributes (47ms)
				AfterProcessingInitializeOnLoad (9ms)
				EditorAssembliesLoaded (1ms)
			ExecutionOrderSort2 (0ms)
			AwakeInstancesAfterBackupRestoration (10ms)
Platform modules already initialized, skipping
Refreshing native plugins compatible for Editor in 3.75 ms, found 4 plugins.
Preloading 0 native plugins for Editor in 0.00 ms.
Unloading 4066 Unused Serialized files (Serialized files now loaded: 0)
Unloading 31 unused Assets / (190.1 KB). Loaded Objects now: 4544.
Memory consumption went from 156.6 MB to 156.4 MB.
Total: 4.295400 ms (FindLiveObjects: 0.383600 ms CreateObjectMapping: 0.123000 ms MarkObjects: 3.612000 ms  DeleteObjects: 0.174900 ms)

AssetImportParameters requested are different than current active one (requested -> active):
  custom:video-decoder-ogg-theora: a1e56fd34408186e4bbccfd4996cb3dc -> 
  custom:container-muxer-webm: aa71ff27fc2769a1b78a27578f13a17b -> 
  custom:container-demuxer-webm: 4f35f7cbe854078d1ac9338744f61a02 -> 
  custom:video-encoder-webm-vp8: eb34c28f22e8b96e1ab97ce403110664 -> 
  custom:audio-encoder-webm-vorbis: bf7c407c2cedff20999df2af8eb42d56 -> 
  custom:framework-win-MediaFoundation: 216162199b28c13a410421893ffa2e32 -> 
  custom:container-demuxer-ogg: 62fdf1f143b41e24485cea50d1cbac27 -> 
  custom:video-decoder-webm-vp8: 9c59270c3fd7afecdb556c50c9e8de78 -> 
  custom:audio-decoder-ogg-vorbis: bf7c407c2cedff20999df2af8eb42d56 -> 
========================================================================
Received Import Request.
  Time since last request: 59.283842 seconds.
  path: Assets/Script/WaveSystem.cs
  artifactKey: Guid(d65487a44eaf12b41a9a267234c8f5cd) Importer(815301076,1909f56bfc062723c751e8b465ee728b)
Start importing Assets/Script/WaveSystem.cs using Guid(d65487a44eaf12b41a9a267234c8f5cd) Importer(815301076,1909f56bfc062723c751e8b465ee728b)  -> (artifact id: '823241764bf216bc61c30b4ad47af5ca') in 0.008537 seconds 
========================================================================
Received Prepare
Registering precompiled user dll's ...
Registered in 0.011762 seconds.
Begin MonoManager ReloadAssembly
Symbol file LoadedFromMemory doesn't match image C:\Users\thddb\My project\Library\PackageCache\com.unity.visualscripting@1.7.8\Editor\VisualScripting.Core\Dependencies\YamlDotNet\Unity.VisualScripting.YamlDotNet.dll
Symbol file LoadedFromMemory doesn't match image C:\Users\thddb\My project\Library\PackageCache\com.unity.visualscripting@1.7.8\Editor\VisualScripting.Core\Dependencies\DotNetZip\Unity.VisualScripting.IonicZip.dll
Native extension for WindowsStandalone target not found
Native extension for WebGL target not found
Refreshing native plugins compatible for Editor in 0.78 ms, found 4 plugins.
Preloading 0 native plugins for Editor in 0.00 ms.
Mono: successfully reloaded assembly
- Completed reload, in  1.094 seconds
Domain Reload Profiling:
	ReloadAssembly (1095ms)
		BeginReloadAssembly (146ms)
			ExecutionOrderSort (0ms)
			DisableScriptedObjects (10ms)
			BackupInstance (0ms)
			ReleaseScriptingObjects (0ms)
			CreateAndSetChildDomain (44ms)
		EndReloadAssembly (824ms)
			LoadAssemblies (93ms)
			RebuildTransferFunctionScriptingTraits (0ms)
			SetupTypeCache (257ms)
			ReleaseScriptCaches (1ms)
			RebuildScriptCaches (45ms)
			SetupLoadedEditorAssemblies (374ms)
				LogAssemblyErrors (0ms)
				InitializePlatformSupportModulesInManaged (15ms)
				SetLoadedEditorAssemblies (0ms)
				RefreshPlugins (1ms)
				BeforeProcessingInitializeOnLoad (84ms)
				ProcessInitializeOnLoadAttributes (221ms)
				ProcessInitializeOnLoadMethodAttributes (45ms)
				AfterProcessingInitializeOnLoad (9ms)
				EditorAssembliesLoaded (0ms)
			ExecutionOrderSort2 (0ms)
			AwakeInstancesAfterBackupRestoration (10ms)
Platform modules already initialized, skipping
Refreshing native plugins compatible for Editor in 3.09 ms, found 4 plugins.
Preloading 0 native plugins for Editor in 0.00 ms.
Unloading 4066 Unused Serialized files (Serialized files now loaded: 0)
Unloading 31 unused Assets / (190.1 KB). Loaded Objects now: 4547.
Memory consumption went from 156.6 MB to 156.4 MB.
Total: 4.543200 ms (FindLiveObjects: 0.344400 ms CreateObjectMapping: 0.147500 ms MarkObjects: 3.881100 ms  DeleteObjects: 0.168600 ms)

AssetImportParameters requested are different than current active one (requested -> active):
  custom:video-decoder-ogg-theora: a1e56fd34408186e4bbccfd4996cb3dc -> 
  custom:container-muxer-webm: aa71ff27fc2769a1b78a27578f13a17b -> 
  custom:container-demuxer-webm: 4f35f7cbe854078d1ac9338744f61a02 -> 
  custom:video-encoder-webm-vp8: eb34c28f22e8b96e1ab97ce403110664 -> 
  custom:audio-encoder-webm-vorbis: bf7c407c2cedff20999df2af8eb42d56 -> 
  custom:framework-win-MediaFoundation: 216162199b28c13a410421893ffa2e32 -> 
  custom:container-demuxer-ogg: 62fdf1f143b41e24485cea50d1cbac27 -> 
  custom:video-decoder-webm-vp8: 9c59270c3fd7afecdb556c50c9e8de78 -> 
  custom:audio-decoder-ogg-vorbis: bf7c407c2cedff20999df2af8eb42d56 -> 
========================================================================
Received Import Request.
  Time since last request: 67.368355 seconds.
  path: Assets/Script/WaveSystem.cs
  artifactKey: Guid(d65487a44eaf12b41a9a267234c8f5cd) Importer(815301076,1909f56bfc062723c751e8b465ee728b)
Start importing Assets/Script/WaveSystem.cs using Guid(d65487a44eaf12b41a9a267234c8f5cd) Importer(815301076,1909f56bfc062723c751e8b465ee728b)  -> (artifact id: '70ead1e81eb9ff0abf394df46a281e07') in 0.009665 seconds 
========================================================================
Received Prepare
Registering precompiled user dll's ...
Registered in 0.007783 seconds.
Begin MonoManager ReloadAssembly
Symbol file LoadedFromMemory doesn't match image C:\Users\thddb\My project\Library\PackageCache\com.unity.visualscripting@1.7.8\Editor\VisualScripting.Core\Dependencies\YamlDotNet\Unity.VisualScripting.YamlDotNet.dll
Symbol file LoadedFromMemory doesn't match image C:\Users\thddb\My project\Library\PackageCache\com.unity.visualscripting@1.7.8\Editor\VisualScripting.Core\Dependencies\DotNetZip\Unity.VisualScripting.IonicZip.dll
Native extension for WindowsStandalone target not found
Native extension for WebGL target not found
Refreshing native plugins compatible for Editor in 1.27 ms, found 4 plugins.
Preloading 0 native plugins for Editor in 0.00 ms.
Mono: successfully reloaded assembly
- Completed reload, in  1.181 seconds
Domain Reload Profiling:
	ReloadAssembly (1182ms)
		BeginReloadAssembly (163ms)
			ExecutionOrderSort (0ms)
			DisableScriptedObjects (8ms)
			BackupInstance (0ms)
			ReleaseScriptingObjects (0ms)
			CreateAndSetChildDomain (47ms)
		EndReloadAssembly (887ms)
			LoadAssemblies (110ms)
			RebuildTransferFunctionScriptingTraits (0ms)
			SetupTypeCache (263ms)
			ReleaseScriptCaches (1ms)
			RebuildScriptCaches (48ms)
			SetupLoadedEditorAssemblies (415ms)
				LogAssemblyErrors (0ms)
				InitializePlatformSupportModulesInManaged (16ms)
				SetLoadedEditorAssemblies (1ms)
				RefreshPlugins (1ms)
				BeforeProcessingInitializeOnLoad (91ms)
				ProcessInitializeOnLoadAttributes (253ms)
				ProcessInitializeOnLoadMethodAttributes (44ms)
				AfterProcessingInitializeOnLoad (9ms)
				EditorAssembliesLoaded (0ms)
			ExecutionOrderSort2 (0ms)
			AwakeInstancesAfterBackupRestoration (9ms)
Platform modules already initialized, skipping
Refreshing native plugins compatible for Editor in 3.41 ms, found 4 plugins.
Preloading 0 native plugins for Editor in 0.00 ms.
Unloading 4066 Unused Serialized files (Serialized files now loaded: 0)
Unloading 31 unused Assets / (190.1 KB). Loaded Objects now: 4550.
Memory consumption went from 156.6 MB to 156.4 MB.
Total: 4.659100 ms (FindLiveObjects: 0.455100 ms CreateObjectMapping: 0.185100 ms MarkObjects: 3.823600 ms  DeleteObjects: 0.193500 ms)

AssetImportParameters requested are different than current active one (requested -> active):
  custom:video-decoder-ogg-theora: a1e56fd34408186e4bbccfd4996cb3dc -> 
  custom:container-muxer-webm: aa71ff27fc2769a1b78a27578f13a17b -> 
  custom:container-demuxer-webm: 4f35f7cbe854078d1ac9338744f61a02 -> 
  custom:video-encoder-webm-vp8: eb34c28f22e8b96e1ab97ce403110664 -> 
  custom:audio-encoder-webm-vorbis: bf7c407c2cedff20999df2af8eb42d56 -> 
  custom:framework-win-MediaFoundation: 216162199b28c13a410421893ffa2e32 -> 
  custom:container-demuxer-ogg: 62fdf1f143b41e24485cea50d1cbac27 -> 
  custom:video-decoder-webm-vp8: 9c59270c3fd7afecdb556c50c9e8de78 -> 
  custom:audio-decoder-ogg-vorbis: bf7c407c2cedff20999df2af8eb42d56 -> 
========================================================================
Received Import Request.
  Time since last request: 49.727467 seconds.
  path: Assets/Script/Spawner.cs
  artifactKey: Guid(3576926cbfc04ce4899acbf5cb22045b) Importer(815301076,1909f56bfc062723c751e8b465ee728b)
Start importing Assets/Script/Spawner.cs using Guid(3576926cbfc04ce4899acbf5cb22045b) Importer(815301076,1909f56bfc062723c751e8b465ee728b)  -> (artifact id: '3c450877db58cde02ec6571c268176e3') in 0.008682 seconds 
========================================================================
Received Import Request.
  Time since last request: 8.760824 seconds.
  path: Assets/Script/Spawner.cs
  artifactKey: Guid(3576926cbfc04ce4899acbf5cb22045b) Importer(815301076,1909f56bfc062723c751e8b465ee728b)
Start importing Assets/Script/Spawner.cs using Guid(3576926cbfc04ce4899acbf5cb22045b) Importer(815301076,1909f56bfc062723c751e8b465ee728b)  -> (artifact id: '58359739b054833626748c6bc5ef7874') in 0.003060 seconds 
========================================================================
Received Import Request.
  Time since last request: 49.001927 seconds.
  path: Assets/Script/Spawner.cs
  artifactKey: Guid(3576926cbfc04ce4899acbf5cb22045b) Importer(815301076,1909f56bfc062723c751e8b465ee728b)
Start importing Assets/Script/Spawner.cs using Guid(3576926cbfc04ce4899acbf5cb22045b) Importer(815301076,1909f56bfc062723c751e8b465ee728b)  -> (artifact id: 'd32e70dde09379acccc66bb5defd6d5e') in 0.002736 seconds 
========================================================================
Received Import Request.
  Time since last request: 104.422556 seconds.
  path: Assets/Script/Spawner.cs
  artifactKey: Guid(3576926cbfc04ce4899acbf5cb22045b) Importer(815301076,1909f56bfc062723c751e8b465ee728b)
Start importing Assets/Script/Spawner.cs using Guid(3576926cbfc04ce4899acbf5cb22045b) Importer(815301076,1909f56bfc062723c751e8b465ee728b)  -> (artifact id: 'dcb0f991d1770764fe95c3a7aed40c75') in 0.002489 seconds 
========================================================================
Received Import Request.
  Time since last request: 46.444106 seconds.
  path: Assets/Script/Spawner.cs
  artifactKey: Guid(3576926cbfc04ce4899acbf5cb22045b) Importer(815301076,1909f56bfc062723c751e8b465ee728b)
Start importing Assets/Script/Spawner.cs using Guid(3576926cbfc04ce4899acbf5cb22045b) Importer(815301076,1909f56bfc062723c751e8b465ee728b)  -> (artifact id: '469c29ec5bd41266f7e3d07e01587efa') in 0.002366 seconds 
========================================================================
Received Import Request.
  Time since last request: 12.655246 seconds.
  path: Assets/Script/Spawner.cs
  artifactKey: Guid(3576926cbfc04ce4899acbf5cb22045b) Importer(815301076,1909f56bfc062723c751e8b465ee728b)
Start importing Assets/Script/Spawner.cs using Guid(3576926cbfc04ce4899acbf5cb22045b) Importer(815301076,1909f56bfc062723c751e8b465ee728b)  -> (artifact id: '1ba081f803f4aa231b768550903faa7c') in 0.002352 seconds 
========================================================================
Received Import Request.
  Time since last request: 20.483136 seconds.
  path: Assets/Script/Spawner.cs
  artifactKey: Guid(3576926cbfc04ce4899acbf5cb22045b) Importer(815301076,1909f56bfc062723c751e8b465ee728b)
Start importing Assets/Script/Spawner.cs using Guid(3576926cbfc04ce4899acbf5cb22045b) Importer(815301076,1909f56bfc062723c751e8b465ee728b)  -> (artifact id: 'bc3fbcc4d8916b6ca200936baedbecc9') in 0.002498 seconds 
========================================================================
Received Prepare
Registering precompiled user dll's ...
Registered in 0.008225 seconds.
Begin MonoManager ReloadAssembly
Symbol file LoadedFromMemory doesn't match image C:\Users\thddb\My project\Library\PackageCache\com.unity.visualscripting@1.7.8\Editor\VisualScripting.Core\Dependencies\YamlDotNet\Unity.VisualScripting.YamlDotNet.dll
Symbol file LoadedFromMemory doesn't match image C:\Users\thddb\My project\Library\PackageCache\com.unity.visualscripting@1.7.8\Editor\VisualScripting.Core\Dependencies\DotNetZip\Unity.VisualScripting.IonicZip.dll
Native extension for WindowsStandalone target not found
Native extension for WebGL target not found
Refreshing native plugins compatible for Editor in 0.80 ms, found 4 plugins.
Preloading 0 native plugins for Editor in 0.00 ms.
Mono: successfully reloaded assembly
- Completed reload, in  1.176 seconds
Domain Reload Profiling:
	ReloadAssembly (1177ms)
		BeginReloadAssembly (158ms)
			ExecutionOrderSort (0ms)
			DisableScriptedObjects (10ms)
			BackupInstance (0ms)
			ReleaseScriptingObjects (0ms)
			CreateAndSetChildDomain (42ms)
		EndReloadAssembly (900ms)
			LoadAssemblies (106ms)
			RebuildTransferFunctionScriptingTraits (0ms)
			SetupTypeCache (292ms)
			ReleaseScriptCaches (2ms)
			RebuildScriptCaches (62ms)
			SetupLoadedEditorAssemblies (390ms)
				LogAssemblyErrors (0ms)
				InitializePlatformSupportModulesInManaged (15ms)
				SetLoadedEditorAssemblies (1ms)
				RefreshPlugins (1ms)
				BeforeProcessingInitializeOnLoad (89ms)
				ProcessInitializeOnLoadAttributes (226ms)
				ProcessInitializeOnLoadMethodAttributes (48ms)
				AfterProcessingInitializeOnLoad (11ms)
				EditorAssembliesLoaded (0ms)
			ExecutionOrderSort2 (0ms)
			AwakeInstancesAfterBackupRestoration (10ms)
Platform modules already initialized, skipping
Refreshing native plugins compatible for Editor in 2.97 ms, found 4 plugins.
Preloading 0 native plugins for Editor in 0.00 ms.
Unloading 4066 Unused Serialized files (Serialized files now loaded: 0)
Unloading 31 unused Assets / (189.9 KB). Loaded Objects now: 4553.
Memory consumption went from 156.6 MB to 156.4 MB.
Total: 4.055300 ms (FindLiveObjects: 0.383800 ms CreateObjectMapping: 0.099400 ms MarkObjects: 3.395600 ms  DeleteObjects: 0.174700 ms)

AssetImportParameters requested are different than current active one (requested -> active):
  custom:video-decoder-ogg-theora: a1e56fd34408186e4bbccfd4996cb3dc -> 
  custom:container-muxer-webm: aa71ff27fc2769a1b78a27578f13a17b -> 
  custom:container-demuxer-webm: 4f35f7cbe854078d1ac9338744f61a02 -> 
  custom:video-encoder-webm-vp8: eb34c28f22e8b96e1ab97ce403110664 -> 
  custom:audio-encoder-webm-vorbis: bf7c407c2cedff20999df2af8eb42d56 -> 
  custom:framework-win-MediaFoundation: 216162199b28c13a410421893ffa2e32 -> 
  custom:container-demuxer-ogg: 62fdf1f143b41e24485cea50d1cbac27 -> 
  custom:video-decoder-webm-vp8: 9c59270c3fd7afecdb556c50c9e8de78 -> 
  custom:audio-decoder-ogg-vorbis: bf7c407c2cedff20999df2af8eb42d56 -> 
========================================================================
Received Prepare
Registering precompiled user dll's ...
Registered in 0.010849 seconds.
Begin MonoManager ReloadAssembly
Symbol file LoadedFromMemory doesn't match image C:\Users\thddb\My project\Library\PackageCache\com.unity.visualscripting@1.7.8\Editor\VisualScripting.Core\Dependencies\YamlDotNet\Unity.VisualScripting.YamlDotNet.dll
Symbol file LoadedFromMemory doesn't match image C:\Users\thddb\My project\Library\PackageCache\com.unity.visualscripting@1.7.8\Editor\VisualScripting.Core\Dependencies\DotNetZip\Unity.VisualScripting.IonicZip.dll
Native extension for WindowsStandalone target not found
Native extension for WebGL target not found
Refreshing native plugins compatible for Editor in 0.98 ms, found 4 plugins.
Preloading 0 native plugins for Editor in 0.00 ms.
Mono: successfully reloaded assembly
- Completed reload, in  1.225 seconds
Domain Reload Profiling:
	ReloadAssembly (1226ms)
		BeginReloadAssembly (158ms)
			ExecutionOrderSort (0ms)
			DisableScriptedObjects (10ms)
			BackupInstance (0ms)
			ReleaseScriptingObjects (0ms)
			CreateAndSetChildDomain (47ms)
		EndReloadAssembly (949ms)
			LoadAssemblies (97ms)
			RebuildTransferFunctionScriptingTraits (0ms)
			SetupTypeCache (289ms)
			ReleaseScriptCaches (4ms)
			RebuildScriptCaches (58ms)
			SetupLoadedEditorAssemblies (436ms)
				LogAssemblyErrors (0ms)
				InitializePlatformSupportModulesInManaged (16ms)
				SetLoadedEditorAssemblies (1ms)
				RefreshPlugins (1ms)
				BeforeProcessingInitializeOnLoad (94ms)
				ProcessInitializeOnLoadAttributes (264ms)
				ProcessInitializeOnLoadMethodAttributes (52ms)
				AfterProcessingInitializeOnLoad (8ms)
				EditorAssembliesLoaded (0ms)
			ExecutionOrderSort2 (0ms)
			AwakeInstancesAfterBackupRestoration (10ms)
Platform modules already initialized, skipping
Refreshing native plugins compatible for Editor in 3.13 ms, found 4 plugins.
Preloading 0 native plugins for Editor in 0.00 ms.
Unloading 4066 Unused Serialized files (Serialized files now loaded: 0)
Unloading 31 unused Assets / (189.7 KB). Loaded Objects now: 4556.
Memory consumption went from 156.6 MB to 156.4 MB.
Total: 4.011900 ms (FindLiveObjects: 0.341000 ms CreateObjectMapping: 0.098700 ms MarkObjects: 3.395700 ms  DeleteObjects: 0.174400 ms)

AssetImportParameters requested are different than current active one (requested -> active):
  custom:video-decoder-ogg-theora: a1e56fd34408186e4bbccfd4996cb3dc -> 
  custom:container-muxer-webm: aa71ff27fc2769a1b78a27578f13a17b -> 
  custom:container-demuxer-webm: 4f35f7cbe854078d1ac9338744f61a02 -> 
  custom:video-encoder-webm-vp8: eb34c28f22e8b96e1ab97ce403110664 -> 
  custom:audio-encoder-webm-vorbis: bf7c407c2cedff20999df2af8eb42d56 -> 
  custom:framework-win-MediaFoundation: 216162199b28c13a410421893ffa2e32 -> 
  custom:container-demuxer-ogg: 62fdf1f143b41e24485cea50d1cbac27 -> 
  custom:video-decoder-webm-vp8: 9c59270c3fd7afecdb556c50c9e8de78 -> 
  custom:audio-decoder-ogg-vorbis: bf7c407c2cedff20999df2af8eb42d56 -> 
========================================================================
Received Prepare
Registering precompiled user dll's ...
Registered in 0.008509 seconds.
Begin MonoManager ReloadAssembly
Symbol file LoadedFromMemory doesn't match image C:\Users\thddb\My project\Library\PackageCache\com.unity.visualscripting@1.7.8\Editor\VisualScripting.Core\Dependencies\YamlDotNet\Unity.VisualScripting.YamlDotNet.dll
Symbol file LoadedFromMemory doesn't match image C:\Users\thddb\My project\Library\PackageCache\com.unity.visualscripting@1.7.8\Editor\VisualScripting.Core\Dependencies\DotNetZip\Unity.VisualScripting.IonicZip.dll
Native extension for WindowsStandalone target not found
Native extension for WebGL target not found
Refreshing native plugins compatible for Editor in 1.15 ms, found 4 plugins.
Preloading 0 native plugins for Editor in 0.00 ms.
Mono: successfully reloaded assembly
- Completed reload, in  1.220 seconds
Domain Reload Profiling:
	ReloadAssembly (1221ms)
		BeginReloadAssembly (148ms)
			ExecutionOrderSort (0ms)
			DisableScriptedObjects (9ms)
			BackupInstance (0ms)
			ReleaseScriptingObjects (0ms)
			CreateAndSetChildDomain (41ms)
		EndReloadAssembly (949ms)
			LoadAssemblies (102ms)
			RebuildTransferFunctionScriptingTraits (0ms)
			SetupTypeCache (279ms)
			ReleaseScriptCaches (2ms)
			RebuildScriptCaches (63ms)
			SetupLoadedEditorAssemblies (441ms)
				LogAssemblyErrors (0ms)
				InitializePlatformSupportModulesInManaged (17ms)
				SetLoadedEditorAssemblies (1ms)
				RefreshPlugins (1ms)
				BeforeProcessingInitializeOnLoad (98ms)
				ProcessInitializeOnLoadAttributes (265ms)
				ProcessInitializeOnLoadMethodAttributes (51ms)
				AfterProcessingInitializeOnLoad (9ms)
				EditorAssembliesLoaded (0ms)
			ExecutionOrderSort2 (0ms)
			AwakeInstancesAfterBackupRestoration (10ms)
Platform modules already initialized, skipping
Refreshing native plugins compatible for Editor in 3.48 ms, found 4 plugins.
Preloading 0 native plugins for Editor in 0.00 ms.
Unloading 4066 Unused Serialized files (Serialized files now loaded: 0)
Unloading 31 unused Assets / (189.9 KB). Loaded Objects now: 4559.
Memory consumption went from 156.6 MB to 156.4 MB.
Total: 4.874500 ms (FindLiveObjects: 0.389200 ms CreateObjectMapping: 0.119800 ms MarkObjects: 4.187200 ms  DeleteObjects: 0.176600 ms)

AssetImportParameters requested are different than current active one (requested -> active):
  custom:video-decoder-ogg-theora: a1e56fd34408186e4bbccfd4996cb3dc -> 
  custom:container-muxer-webm: aa71ff27fc2769a1b78a27578f13a17b -> 
  custom:container-demuxer-webm: 4f35f7cbe854078d1ac9338744f61a02 -> 
  custom:video-encoder-webm-vp8: eb34c28f22e8b96e1ab97ce403110664 -> 
  custom:audio-encoder-webm-vorbis: bf7c407c2cedff20999df2af8eb42d56 -> 
  custom:framework-win-MediaFoundation: 216162199b28c13a410421893ffa2e32 -> 
  custom:container-demuxer-ogg: 62fdf1f143b41e24485cea50d1cbac27 -> 
  custom:video-decoder-webm-vp8: 9c59270c3fd7afecdb556c50c9e8de78 -> 
  custom:audio-decoder-ogg-vorbis: bf7c407c2cedff20999df2af8eb42d56 -> 
========================================================================
Received Prepare
Registering precompiled user dll's ...
Registered in 0.009499 seconds.
Begin MonoManager ReloadAssembly
Symbol file LoadedFromMemory doesn't match image C:\Users\thddb\My project\Library\PackageCache\com.unity.visualscripting@1.7.8\Editor\VisualScripting.Core\Dependencies\YamlDotNet\Unity.VisualScripting.YamlDotNet.dll
Symbol file LoadedFromMemory doesn't match image C:\Users\thddb\My project\Library\PackageCache\com.unity.visualscripting@1.7.8\Editor\VisualScripting.Core\Dependencies\DotNetZip\Unity.VisualScripting.IonicZip.dll
Native extension for WindowsStandalone target not found
Native extension for WebGL target not found
Refreshing native plugins compatible for Editor in 1.42 ms, found 4 plugins.
Preloading 0 native plugins for Editor in 0.00 ms.
Mono: successfully reloaded assembly
- Completed reload, in  1.173 seconds
Domain Reload Profiling:
	ReloadAssembly (1174ms)
		BeginReloadAssembly (137ms)
			ExecutionOrderSort (0ms)
			DisableScriptedObjects (9ms)
			BackupInstance (0ms)
			ReleaseScriptingObjects (0ms)
			CreateAndSetChildDomain (37ms)
		EndReloadAssembly (910ms)
			LoadAssemblies (92ms)
			RebuildTransferFunctionScriptingTraits (0ms)
			SetupTypeCache (275ms)
			ReleaseScriptCaches (2ms)
			RebuildScriptCaches (55ms)
			SetupLoadedEditorAssemblies (423ms)
				LogAssemblyErrors (0ms)
				InitializePlatformSupportModulesInManaged (19ms)
				SetLoadedEditorAssemblies (1ms)
				RefreshPlugins (2ms)
				BeforeProcessingInitializeOnLoad (88ms)
				ProcessInitializeOnLoadAttributes (252ms)
				ProcessInitializeOnLoadMethodAttributes (52ms)
				AfterProcessingInitializeOnLoad (10ms)
				EditorAssembliesLoaded (0ms)
			ExecutionOrderSort2 (0ms)
			AwakeInstancesAfterBackupRestoration (11ms)
Platform modules already initialized, skipping
Refreshing native plugins compatible for Editor in 3.35 ms, found 4 plugins.
Preloading 0 native plugins for Editor in 0.00 ms.
Unloading 4066 Unused Serialized files (Serialized files now loaded: 0)
Unloading 31 unused Assets / (189.8 KB). Loaded Objects now: 4562.
Memory consumption went from 156.6 MB to 156.4 MB.
Total: 4.771800 ms (FindLiveObjects: 0.425200 ms CreateObjectMapping: 0.278300 ms MarkObjects: 3.891400 ms  DeleteObjects: 0.175200 ms)

AssetImportParameters requested are different than current active one (requested -> active):
  custom:video-decoder-ogg-theora: a1e56fd34408186e4bbccfd4996cb3dc -> 
  custom:container-muxer-webm: aa71ff27fc2769a1b78a27578f13a17b -> 
  custom:container-demuxer-webm: 4f35f7cbe854078d1ac9338744f61a02 -> 
  custom:video-encoder-webm-vp8: eb34c28f22e8b96e1ab97ce403110664 -> 
  custom:audio-encoder-webm-vorbis: bf7c407c2cedff20999df2af8eb42d56 -> 
  custom:framework-win-MediaFoundation: 216162199b28c13a410421893ffa2e32 -> 
  custom:container-demuxer-ogg: 62fdf1f143b41e24485cea50d1cbac27 -> 
  custom:video-decoder-webm-vp8: 9c59270c3fd7afecdb556c50c9e8de78 -> 
  custom:audio-decoder-ogg-vorbis: bf7c407c2cedff20999df2af8eb42d56 -> 
========================================================================
Received Import Request.
  Time since last request: 1003.512689 seconds.
  path: Assets/Script/WaveSystem.cs
  artifactKey: Guid(d65487a44eaf12b41a9a267234c8f5cd) Importer(815301076,1909f56bfc062723c751e8b465ee728b)
Start importing Assets/Script/WaveSystem.cs using Guid(d65487a44eaf12b41a9a267234c8f5cd) Importer(815301076,1909f56bfc062723c751e8b465ee728b)  -> (artifact id: '20f0c8cf9468661e61a6c92abecd8842') in 0.008726 seconds 
========================================================================
Received Import Request.
  Time since last request: 24.958440 seconds.
  path: Assets/Script/WaveSystem.cs
  artifactKey: Guid(d65487a44eaf12b41a9a267234c8f5cd) Importer(815301076,1909f56bfc062723c751e8b465ee728b)
Start importing Assets/Script/WaveSystem.cs using Guid(d65487a44eaf12b41a9a267234c8f5cd) Importer(815301076,1909f56bfc062723c751e8b465ee728b)  -> (artifact id: '1d378e1a39d60c4dc5fbdbc8f69cc84c') in 0.002403 seconds 
========================================================================
Received Prepare
Registering precompiled user dll's ...
Registered in 0.010152 seconds.
Begin MonoManager ReloadAssembly
Symbol file LoadedFromMemory doesn't match image C:\Users\thddb\My project\Library\PackageCache\com.unity.visualscripting@1.7.8\Editor\VisualScripting.Core\Dependencies\YamlDotNet\Unity.VisualScripting.YamlDotNet.dll
Symbol file LoadedFromMemory doesn't match image C:\Users\thddb\My project\Library\PackageCache\com.unity.visualscripting@1.7.8\Editor\VisualScripting.Core\Dependencies\DotNetZip\Unity.VisualScripting.IonicZip.dll
Native extension for WindowsStandalone target not found
Native extension for WebGL target not found
Refreshing native plugins compatible for Editor in 0.83 ms, found 4 plugins.
Preloading 0 native plugins for Editor in 0.00 ms.
Mono: successfully reloaded assembly
- Completed reload, in  1.148 seconds
Domain Reload Profiling:
	ReloadAssembly (1148ms)
		BeginReloadAssembly (154ms)
			ExecutionOrderSort (0ms)
			DisableScriptedObjects (10ms)
			BackupInstance (0ms)
			ReleaseScriptingObjects (0ms)
			CreateAndSetChildDomain (42ms)
		EndReloadAssembly (874ms)
			LoadAssemblies (99ms)
			RebuildTransferFunctionScriptingTraits (0ms)
			SetupTypeCache (273ms)
			ReleaseScriptCaches (1ms)
			RebuildScriptCaches (58ms)
			SetupLoadedEditorAssemblies (390ms)
				LogAssemblyErrors (0ms)
				InitializePlatformSupportModulesInManaged (15ms)
				SetLoadedEditorAssemblies (1ms)
				RefreshPlugins (1ms)
				BeforeProcessingInitializeOnLoad (90ms)
				ProcessInitializeOnLoadAttributes (225ms)
				ProcessInitializeOnLoadMethodAttributes (47ms)
				AfterProcessingInitializeOnLoad (11ms)
				EditorAssembliesLoaded (0ms)
			ExecutionOrderSort2 (0ms)
			AwakeInstancesAfterBackupRestoration (10ms)
Platform modules already initialized, skipping
Refreshing native plugins compatible for Editor in 2.80 ms, found 4 plugins.
Preloading 0 native plugins for Editor in 0.00 ms.
Unloading 4066 Unused Serialized files (Serialized files now loaded: 0)
Unloading 31 unused Assets / (189.9 KB). Loaded Objects now: 4565.
Memory consumption went from 156.6 MB to 156.4 MB.
Total: 4.790800 ms (FindLiveObjects: 0.477800 ms CreateObjectMapping: 0.105900 ms MarkObjects: 4.032300 ms  DeleteObjects: 0.172200 ms)

AssetImportParameters requested are different than current active one (requested -> active):
  custom:video-decoder-ogg-theora: a1e56fd34408186e4bbccfd4996cb3dc -> 
  custom:container-muxer-webm: aa71ff27fc2769a1b78a27578f13a17b -> 
  custom:container-demuxer-webm: 4f35f7cbe854078d1ac9338744f61a02 -> 
  custom:video-encoder-webm-vp8: eb34c28f22e8b96e1ab97ce403110664 -> 
  custom:audio-encoder-webm-vorbis: bf7c407c2cedff20999df2af8eb42d56 -> 
  custom:framework-win-MediaFoundation: 216162199b28c13a410421893ffa2e32 -> 
  custom:container-demuxer-ogg: 62fdf1f143b41e24485cea50d1cbac27 -> 
  custom:video-decoder-webm-vp8: 9c59270c3fd7afecdb556c50c9e8de78 -> 
  custom:audio-decoder-ogg-vorbis: bf7c407c2cedff20999df2af8eb42d56 -> 
========================================================================
Received Prepare
Registering precompiled user dll's ...
Registered in 0.008779 seconds.
Begin MonoManager ReloadAssembly
Symbol file LoadedFromMemory doesn't match image C:\Users\thddb\My project\Library\PackageCache\com.unity.visualscripting@1.7.8\Editor\VisualScripting.Core\Dependencies\YamlDotNet\Unity.VisualScripting.YamlDotNet.dll
Symbol file LoadedFromMemory doesn't match image C:\Users\thddb\My project\Library\PackageCache\com.unity.visualscripting@1.7.8\Editor\VisualScripting.Core\Dependencies\DotNetZip\Unity.VisualScripting.IonicZip.dll
Native extension for WindowsStandalone target not found
Native extension for WebGL target not found
Refreshing native plugins compatible for Editor in 0.81 ms, found 4 plugins.
Preloading 0 native plugins for Editor in 0.00 ms.
Mono: successfully reloaded assembly
- Completed reload, in  1.106 seconds
Domain Reload Profiling:
	ReloadAssembly (1107ms)
		BeginReloadAssembly (151ms)
			ExecutionOrderSort (0ms)
			DisableScriptedObjects (8ms)
			BackupInstance (0ms)
			ReleaseScriptingObjects (0ms)
			CreateAndSetChildDomain (42ms)
		EndReloadAssembly (837ms)
			LoadAssemblies (98ms)
			RebuildTransferFunctionScriptingTraits (0ms)
			SetupTypeCache (241ms)
			ReleaseScriptCaches (2ms)
			RebuildScriptCaches (49ms)
			SetupLoadedEditorAssemblies (398ms)
				LogAssemblyErrors (0ms)
				InitializePlatformSupportModulesInManaged (14ms)
				SetLoadedEditorAssemblies (1ms)
				RefreshPlugins (1ms)
				BeforeProcessingInitializeOnLoad (85ms)
				ProcessInitializeOnLoadAttributes (238ms)
				ProcessInitializeOnLoadMethodAttributes (48ms)
				AfterProcessingInitializeOnLoad (12ms)
				EditorAssembliesLoaded (0ms)
			ExecutionOrderSort2 (0ms)
			AwakeInstancesAfterBackupRestoration (11ms)
Platform modules already initialized, skipping
Refreshing native plugins compatible for Editor in 3.52 ms, found 4 plugins.
Preloading 0 native plugins for Editor in 0.00 ms.
Unloading 4066 Unused Serialized files (Serialized files now loaded: 0)
Unloading 31 unused Assets / (189.8 KB). Loaded Objects now: 4568.
Memory consumption went from 156.6 MB to 156.4 MB.
Total: 3.654400 ms (FindLiveObjects: 0.334000 ms CreateObjectMapping: 0.095000 ms MarkObjects: 3.065700 ms  DeleteObjects: 0.157700 ms)

AssetImportParameters requested are different than current active one (requested -> active):
  custom:video-decoder-ogg-theora: a1e56fd34408186e4bbccfd4996cb3dc -> 
  custom:container-muxer-webm: aa71ff27fc2769a1b78a27578f13a17b -> 
  custom:container-demuxer-webm: 4f35f7cbe854078d1ac9338744f61a02 -> 
  custom:video-encoder-webm-vp8: eb34c28f22e8b96e1ab97ce403110664 -> 
  custom:audio-encoder-webm-vorbis: bf7c407c2cedff20999df2af8eb42d56 -> 
  custom:framework-win-MediaFoundation: 216162199b28c13a410421893ffa2e32 -> 
  custom:container-demuxer-ogg: 62fdf1f143b41e24485cea50d1cbac27 -> 
  custom:video-decoder-webm-vp8: 9c59270c3fd7afecdb556c50c9e8de78 -> 
  custom:audio-decoder-ogg-vorbis: bf7c407c2cedff20999df2af8eb42d56 -> 
========================================================================
Received Prepare
Registering precompiled user dll's ...
Registered in 0.007846 seconds.
Begin MonoManager ReloadAssembly
Symbol file LoadedFromMemory doesn't match image C:\Users\thddb\My project\Library\PackageCache\com.unity.visualscripting@1.7.8\Editor\VisualScripting.Core\Dependencies\YamlDotNet\Unity.VisualScripting.YamlDotNet.dll
Symbol file LoadedFromMemory doesn't match image C:\Users\thddb\My project\Library\PackageCache\com.unity.visualscripting@1.7.8\Editor\VisualScripting.Core\Dependencies\DotNetZip\Unity.VisualScripting.IonicZip.dll
Native extension for WindowsStandalone target not found
Native extension for WebGL target not found
Refreshing native plugins compatible for Editor in 1.00 ms, found 4 plugins.
Preloading 0 native plugins for Editor in 0.00 ms.
Mono: successfully reloaded assembly
- Completed reload, in  1.201 seconds
Domain Reload Profiling:
	ReloadAssembly (1202ms)
		BeginReloadAssembly (148ms)
			ExecutionOrderSort (0ms)
			DisableScriptedObjects (10ms)
			BackupInstance (0ms)
			ReleaseScriptingObjects (0ms)
			CreateAndSetChildDomain (39ms)
		EndReloadAssembly (937ms)
			LoadAssemblies (100ms)
			RebuildTransferFunctionScriptingTraits (0ms)
			SetupTypeCache (288ms)
			ReleaseScriptCaches (2ms)
			RebuildScriptCaches (58ms)
			SetupLoadedEditorAssemblies (426ms)
				LogAssemblyErrors (0ms)
				InitializePlatformSupportModulesInManaged (17ms)
				SetLoadedEditorAssemblies (1ms)
				RefreshPlugins (1ms)
				BeforeProcessingInitializeOnLoad (94ms)
				ProcessInitializeOnLoadAttributes (254ms)
				ProcessInitializeOnLoadMethodAttributes (50ms)
				AfterProcessingInitializeOnLoad (10ms)
				EditorAssembliesLoaded (0ms)
			ExecutionOrderSort2 (0ms)
			AwakeInstancesAfterBackupRestoration (11ms)
Platform modules already initialized, skipping
Refreshing native plugins compatible for Editor in 3.49 ms, found 4 plugins.
Preloading 0 native plugins for Editor in 0.00 ms.
Unloading 4066 Unused Serialized files (Serialized files now loaded: 0)
Unloading 31 unused Assets / (190.0 KB). Loaded Objects now: 4571.
Memory consumption went from 156.6 MB to 156.5 MB.
Total: 5.274400 ms (FindLiveObjects: 0.382200 ms CreateObjectMapping: 0.096300 ms MarkObjects: 4.579000 ms  DeleteObjects: 0.215800 ms)

AssetImportParameters requested are different than current active one (requested -> active):
  custom:video-decoder-ogg-theora: a1e56fd34408186e4bbccfd4996cb3dc -> 
  custom:container-muxer-webm: aa71ff27fc2769a1b78a27578f13a17b -> 
  custom:container-demuxer-webm: 4f35f7cbe854078d1ac9338744f61a02 -> 
  custom:video-encoder-webm-vp8: eb34c28f22e8b96e1ab97ce403110664 -> 
  custom:audio-encoder-webm-vorbis: bf7c407c2cedff20999df2af8eb42d56 -> 
  custom:framework-win-MediaFoundation: 216162199b28c13a410421893ffa2e32 -> 
  custom:container-demuxer-ogg: 62fdf1f143b41e24485cea50d1cbac27 -> 
  custom:video-decoder-webm-vp8: 9c59270c3fd7afecdb556c50c9e8de78 -> 
  custom:audio-decoder-ogg-vorbis: bf7c407c2cedff20999df2af8eb42d56 -> 
========================================================================
Received Import Request.
  Time since last request: 923.369850 seconds.
  path: Assets/Script/ProjectTile.cs
  artifactKey: Guid(42b105a19c4d89447840df65864879fe) Importer(815301076,1909f56bfc062723c751e8b465ee728b)
Start importing Assets/Script/ProjectTile.cs using Guid(42b105a19c4d89447840df65864879fe) Importer(815301076,1909f56bfc062723c751e8b465ee728b)  -> (artifact id: '1cd69a8b9eaf4d936e3d326b04a8debb') in 0.013456 seconds 
========================================================================
Received Import Request.
  Time since last request: 1.205100 seconds.
  path: Assets/Script/SliderPositionAutoSetter.cs
  artifactKey: Guid(25f0c3c6415057b4190d05048e3a3fe3) Importer(815301076,1909f56bfc062723c751e8b465ee728b)
Start importing Assets/Script/SliderPositionAutoSetter.cs using Guid(25f0c3c6415057b4190d05048e3a3fe3) Importer(815301076,1909f56bfc062723c751e8b465ee728b)  -> (artifact id: '5dd1b92b54b89dd567f3f03bb0ae7a04') in 0.006592 seconds 
========================================================================
Received Import Request.
  Time since last request: 1.221794 seconds.
  path: Assets/Script/TextTMPViewver.cs
  artifactKey: Guid(3429dafda16b9854da8b70000f9e1f67) Importer(815301076,1909f56bfc062723c751e8b465ee728b)
Start importing Assets/Script/TextTMPViewver.cs using Guid(3429dafda16b9854da8b70000f9e1f67) Importer(815301076,1909f56bfc062723c751e8b465ee728b)  -> (artifact id: 'e2b03e65d44d038d6d46446e7b7e646a') in 0.002894 seconds 
========================================================================
Received Import Request.
  Time since last request: 1.230494 seconds.
  path: Assets/Script/TowerWeapon.cs
  artifactKey: Guid(43b59c9df137bdd43909aab303713652) Importer(815301076,1909f56bfc062723c751e8b465ee728b)
Start importing Assets/Script/TowerWeapon.cs using Guid(43b59c9df137bdd43909aab303713652) Importer(815301076,1909f56bfc062723c751e8b465ee728b)  -> (artifact id: '08613227fadc4330b9b030c35b279863') in 0.002610 seconds 
========================================================================
Received Import Request.
  Time since last request: 84.584576 seconds.
  path: Assets/Script/TowerSpawner.cs
  artifactKey: Guid(16960fddd575a3547807f524170b1637) Importer(815301076,1909f56bfc062723c751e8b465ee728b)
Start importing Assets/Script/TowerSpawner.cs using Guid(16960fddd575a3547807f524170b1637) Importer(815301076,1909f56bfc062723c751e8b465ee728b)  -> (artifact id: 'df7af9d0670d9a2cbe9ec278131248ea') in 0.003086 seconds 
========================================================================
Received Prepare
Registering precompiled user dll's ...
Registered in 0.010622 seconds.
Begin MonoManager ReloadAssembly
Symbol file LoadedFromMemory doesn't match image C:\Users\thddb\My project\Library\PackageCache\com.unity.visualscripting@1.7.8\Editor\VisualScripting.Core\Dependencies\YamlDotNet\Unity.VisualScripting.YamlDotNet.dll
Symbol file LoadedFromMemory doesn't match image C:\Users\thddb\My project\Library\PackageCache\com.unity.visualscripting@1.7.8\Editor\VisualScripting.Core\Dependencies\DotNetZip\Unity.VisualScripting.IonicZip.dll
Native extension for WindowsStandalone target not found
Native extension for WebGL target not found
Refreshing native plugins compatible for Editor in 0.80 ms, found 4 plugins.
Preloading 0 native plugins for Editor in 0.00 ms.
Mono: successfully reloaded assembly
- Completed reload, in  1.059 seconds
Domain Reload Profiling:
	ReloadAssembly (1059ms)
		BeginReloadAssembly (138ms)
			ExecutionOrderSort (0ms)
			DisableScriptedObjects (8ms)
			BackupInstance (0ms)
			ReleaseScriptingObjects (0ms)
			CreateAndSetChildDomain (37ms)
		EndReloadAssembly (810ms)
			LoadAssemblies (94ms)
			RebuildTransferFunctionScriptingTraits (0ms)
			SetupTypeCache (247ms)
			ReleaseScriptCaches (2ms)
			RebuildScriptCaches (46ms)
			SetupLoadedEditorAssemblies (376ms)
				LogAssemblyErrors (0ms)
				InitializePlatformSupportModulesInManaged (14ms)
				SetLoadedEditorAssemblies (1ms)
				RefreshPlugins (1ms)
				BeforeProcessingInitializeOnLoad (82ms)
				ProcessInitializeOnLoadAttributes (218ms)
				ProcessInitializeOnLoadMethodAttributes (48ms)
				AfterProcessingInitializeOnLoad (11ms)
				EditorAssembliesLoaded (0ms)
			ExecutionOrderSort2 (0ms)
			AwakeInstancesAfterBackupRestoration (9ms)
Platform modules already initialized, skipping
Refreshing native plugins compatible for Editor in 2.95 ms, found 4 plugins.
Preloading 0 native plugins for Editor in 0.00 ms.
Unloading 4066 Unused Serialized files (Serialized files now loaded: 0)
Unloading 31 unused Assets / (190.1 KB). Loaded Objects now: 4574.
Memory consumption went from 156.6 MB to 156.5 MB.
Total: 4.961500 ms (FindLiveObjects: 0.405400 ms CreateObjectMapping: 0.121900 ms MarkObjects: 4.208600 ms  DeleteObjects: 0.223900 ms)

AssetImportParameters requested are different than current active one (requested -> active):
  custom:video-decoder-ogg-theora: a1e56fd34408186e4bbccfd4996cb3dc -> 
  custom:container-muxer-webm: aa71ff27fc2769a1b78a27578f13a17b -> 
  custom:container-demuxer-webm: 4f35f7cbe854078d1ac9338744f61a02 -> 
  custom:video-encoder-webm-vp8: eb34c28f22e8b96e1ab97ce403110664 -> 
  custom:audio-encoder-webm-vorbis: bf7c407c2cedff20999df2af8eb42d56 -> 
  custom:framework-win-MediaFoundation: 216162199b28c13a410421893ffa2e32 -> 
  custom:container-demuxer-ogg: 62fdf1f143b41e24485cea50d1cbac27 -> 
  custom:video-decoder-webm-vp8: 9c59270c3fd7afecdb556c50c9e8de78 -> 
  custom:audio-decoder-ogg-vorbis: bf7c407c2cedff20999df2af8eb42d56 -> 
========================================================================
Received Import Request.
  Time since last request: 106.271723 seconds.
  path: Assets/Script/TowerSpawner.cs
  artifactKey: Guid(16960fddd575a3547807f524170b1637) Importer(815301076,1909f56bfc062723c751e8b465ee728b)
Start importing Assets/Script/TowerSpawner.cs using Guid(16960fddd575a3547807f524170b1637) Importer(815301076,1909f56bfc062723c751e8b465ee728b)  -> (artifact id: 'e7985edc942beeb839eff574bcf78d9c') in 0.010103 seconds 
========================================================================
Received Prepare
Registering precompiled user dll's ...
Registered in 0.008747 seconds.
Begin MonoManager ReloadAssembly
Symbol file LoadedFromMemory doesn't match image C:\Users\thddb\My project\Library\PackageCache\com.unity.visualscripting@1.7.8\Editor\VisualScripting.Core\Dependencies\YamlDotNet\Unity.VisualScripting.YamlDotNet.dll
Symbol file LoadedFromMemory doesn't match image C:\Users\thddb\My project\Library\PackageCache\com.unity.visualscripting@1.7.8\Editor\VisualScripting.Core\Dependencies\DotNetZip\Unity.VisualScripting.IonicZip.dll
Native extension for WindowsStandalone target not found
Native extension for WebGL target not found
Refreshing native plugins compatible for Editor in 0.82 ms, found 4 plugins.
Preloading 0 native plugins for Editor in 0.00 ms.
Mono: successfully reloaded assembly
- Completed reload, in  1.120 seconds
Domain Reload Profiling:
	ReloadAssembly (1121ms)
		BeginReloadAssembly (143ms)
			ExecutionOrderSort (0ms)
			DisableScriptedObjects (8ms)
			BackupInstance (0ms)
			ReleaseScriptingObjects (0ms)
			CreateAndSetChildDomain (37ms)
		EndReloadAssembly (868ms)
			LoadAssemblies (100ms)
			RebuildTransferFunctionScriptingTraits (0ms)
			SetupTypeCache (286ms)
			ReleaseScriptCaches (2ms)
			RebuildScriptCaches (54ms)
			SetupLoadedEditorAssemblies (366ms)
				LogAssemblyErrors (0ms)
				InitializePlatformSupportModulesInManaged (16ms)
				SetLoadedEditorAssemblies (1ms)
				RefreshPlugins (1ms)
				BeforeProcessingInitializeOnLoad (82ms)
				ProcessInitializeOnLoadAttributes (219ms)
				ProcessInitializeOnLoadMethodAttributes (41ms)
				AfterProcessingInitializeOnLoad (7ms)
				EditorAssembliesLoaded (0ms)
			ExecutionOrderSort2 (0ms)
			AwakeInstancesAfterBackupRestoration (9ms)
Platform modules already initialized, skipping
Refreshing native plugins compatible for Editor in 3.84 ms, found 4 plugins.
Preloading 0 native plugins for Editor in 0.00 ms.
Unloading 4066 Unused Serialized files (Serialized files now loaded: 0)
Unloading 31 unused Assets / (189.9 KB). Loaded Objects now: 4577.
Memory consumption went from 156.7 MB to 156.5 MB.
Total: 4.201600 ms (FindLiveObjects: 0.346600 ms CreateObjectMapping: 0.098900 ms MarkObjects: 3.484000 ms  DeleteObjects: 0.270000 ms)

AssetImportParameters requested are different than current active one (requested -> active):
  custom:video-decoder-ogg-theora: a1e56fd34408186e4bbccfd4996cb3dc -> 
  custom:container-muxer-webm: aa71ff27fc2769a1b78a27578f13a17b -> 
  custom:container-demuxer-webm: 4f35f7cbe854078d1ac9338744f61a02 -> 
  custom:video-encoder-webm-vp8: eb34c28f22e8b96e1ab97ce403110664 -> 
  custom:audio-encoder-webm-vorbis: bf7c407c2cedff20999df2af8eb42d56 -> 
  custom:framework-win-MediaFoundation: 216162199b28c13a410421893ffa2e32 -> 
  custom:container-demuxer-ogg: 62fdf1f143b41e24485cea50d1cbac27 -> 
  custom:video-decoder-webm-vp8: 9c59270c3fd7afecdb556c50c9e8de78 -> 
  custom:audio-decoder-ogg-vorbis: bf7c407c2cedff20999df2af8eb42d56 -> 
========================================================================
Received Import Request.
  Time since last request: 35.942782 seconds.
  path: Assets/Asset/Prefab/Circle 1.prefab
  artifactKey: Guid(959c87b8a2727f14498bf0a4486e09e0) Importer(815301076,1909f56bfc062723c751e8b465ee728b)
Start importing Assets/Asset/Prefab/Circle 1.prefab using Guid(959c87b8a2727f14498bf0a4486e09e0) Importer(815301076,1909f56bfc062723c751e8b465ee728b)  -> (artifact id: 'c14fe24b60aef0bf25fbc64d05b935b2') in 0.092429 seconds 
========================================================================
Received Import Request.
  Time since last request: 0.090607 seconds.
  path: Assets/Asset/Prefab/Circle 2.prefab
  artifactKey: Guid(cb1747d6f2befc64c893d9cfacdcd4e6) Importer(815301076,1909f56bfc062723c751e8b465ee728b)
Start importing Assets/Asset/Prefab/Circle 2.prefab using Guid(cb1747d6f2befc64c893d9cfacdcd4e6) Importer(815301076,1909f56bfc062723c751e8b465ee728b)  -> (artifact id: 'a2562be39a6fc27e68b9218184454818') in 0.015244 seconds 
========================================================================
Received Import Request.
  Time since last request: 20.847260 seconds.
  path: Assets/Asset/Prefab/Square.prefab
  artifactKey: Guid(cb1747d6f2befc64c893d9cfacdcd4e6) Importer(815301076,1909f56bfc062723c751e8b465ee728b)
Start importing Assets/Asset/Prefab/Square.prefab using Guid(cb1747d6f2befc64c893d9cfacdcd4e6) Importer(815301076,1909f56bfc062723c751e8b465ee728b)  -> (artifact id: '556b7a01e3f868734ca5e598ff3ae0b3') in 0.014375 seconds 
========================================================================
Received Import Request.
  Time since last request: 6.601833 seconds.
  path: Assets/Asset/Prefab/Diamond.prefab
  artifactKey: Guid(959c87b8a2727f14498bf0a4486e09e0) Importer(815301076,1909f56bfc062723c751e8b465ee728b)
Start importing Assets/Asset/Prefab/Diamond.prefab using Guid(959c87b8a2727f14498bf0a4486e09e0) Importer(815301076,1909f56bfc062723c751e8b465ee728b)  -> (artifact id: '94cb51d97bd4988417e76362c7bec718') in 0.014131 seconds 
========================================================================
Received Import Request.
  Time since last request: 43.425202 seconds.
  path: Packages/com.unity.2d.sprite/Editor/ObjectMenuCreation/DefaultAssets/Textures/v2/IsometricDiamond.png
  artifactKey: Guid(19fb86013d8c24d6cb8410c0aadf30fa) Importer(815301076,1909f56bfc062723c751e8b465ee728b)
Start importing Packages/com.unity.2d.sprite/Editor/ObjectMenuCreation/DefaultAssets/Textures/v2/IsometricDiamond.png using Guid(19fb86013d8c24d6cb8410c0aadf30fa) Importer(815301076,1909f56bfc062723c751e8b465ee728b)  -> (artifact id: 'd4fe166b5ea192e83afffb5f6c3e5245') in 0.051582 seconds 
========================================================================
Received Import Request.
  Time since last request: 28.699815 seconds.
  path: Packages/com.unity.2d.sprite/Editor/ObjectMenuCreation/DefaultAssets/Textures/HexagonFlat-Top.png
  artifactKey: Guid(16037dbd798344f57a526d53d48f5ead) Importer(815301076,1909f56bfc062723c751e8b465ee728b)
Start importing Packages/com.unity.2d.sprite/Editor/ObjectMenuCreation/DefaultAssets/Textures/HexagonFlat-Top.png using Guid(16037dbd798344f57a526d53d48f5ead) Importer(815301076,1909f56bfc062723c751e8b465ee728b)  -> (artifact id: '109ab92c3f84e769fb4ca361cbfd3ce0') in 0.043583 seconds 
========================================================================
Received Import Request.
  Time since last request: 0.000032 seconds.
  path: Packages/com.unity.2d.sprite/Editor/ObjectMenuCreation/DefaultAssets/Textures/SquareWithBorder.png
  artifactKey: Guid(db750325989564987a34393247d883b4) Importer(815301076,1909f56bfc062723c751e8b465ee728b)
Start importing Packages/com.unity.2d.sprite/Editor/ObjectMenuCreation/DefaultAssets/Textures/SquareWithBorder.png using Guid(db750325989564987a34393247d883b4) Importer(815301076,1909f56bfc062723c751e8b465ee728b)  -> (artifact id: '303b80fa5021510180fbae49648530d4') in 0.031665 seconds 
========================================================================
Received Import Request.
  Time since last request: 0.000056 seconds.
  path: Packages/com.unity.2d.sprite/Editor/ObjectMenuCreation/DefaultAssets/Textures/IsometricDiamondWithBorder.png
  artifactKey: Guid(0d267bc78a0864eb48358689b29ed20a) Importer(815301076,1909f56bfc062723c751e8b465ee728b)
Start importing Packages/com.unity.2d.sprite/Editor/ObjectMenuCreation/DefaultAssets/Textures/IsometricDiamondWithBorder.png using Guid(0d267bc78a0864eb48358689b29ed20a) Importer(815301076,1909f56bfc062723c751e8b465ee728b)  -> (artifact id: 'a9e1e64b0925e804f7cf86863e2886e0') in 0.035174 seconds 
========================================================================
Received Prepare
Registering precompiled user dll's ...
Registered in 0.009718 seconds.
Begin MonoManager ReloadAssembly
Symbol file LoadedFromMemory doesn't match image C:\Users\thddb\My project\Library\PackageCache\com.unity.visualscripting@1.7.8\Editor\VisualScripting.Core\Dependencies\YamlDotNet\Unity.VisualScripting.YamlDotNet.dll
Symbol file LoadedFromMemory doesn't match image C:\Users\thddb\My project\Library\PackageCache\com.unity.visualscripting@1.7.8\Editor\VisualScripting.Core\Dependencies\DotNetZip\Unity.VisualScripting.IonicZip.dll
Native extension for WindowsStandalone target not found
Native extension for WebGL target not found
Refreshing native plugins compatible for Editor in 1.32 ms, found 4 plugins.
Preloading 0 native plugins for Editor in 0.00 ms.
Mono: successfully reloaded assembly
- Completed reload, in  1.200 seconds
Domain Reload Profiling:
	ReloadAssembly (1201ms)
		BeginReloadAssembly (143ms)
			ExecutionOrderSort (0ms)
			DisableScriptedObjects (7ms)
			BackupInstance (0ms)
			ReleaseScriptingObjects (0ms)
			CreateAndSetChildDomain (39ms)
		EndReloadAssembly (945ms)
			LoadAssemblies (97ms)
			RebuildTransferFunctionScriptingTraits (0ms)
			SetupTypeCache (280ms)
			ReleaseScriptCaches (2ms)
			RebuildScriptCaches (56ms)
			SetupLoadedEditorAssemblies (439ms)
				LogAssemblyErrors (0ms)
				InitializePlatformSupportModulesInManaged (16ms)
				SetLoadedEditorAssemblies (1ms)
				RefreshPlugins (1ms)
				BeforeProcessingInitializeOnLoad (89ms)
				ProcessInitializeOnLoadAttributes (266ms)
				ProcessInitializeOnLoadMethodAttributes (55ms)
				AfterProcessingInitializeOnLoad (11ms)
				EditorAssembliesLoaded (0ms)
			ExecutionOrderSort2 (0ms)
			AwakeInstancesAfterBackupRestoration (12ms)
Platform modules already initialized, skipping
Refreshing native plugins compatible for Editor in 3.34 ms, found 4 plugins.
Preloading 0 native plugins for Editor in 0.00 ms.
Unloading 4066 Unused Serialized files (Serialized files now loaded: 0)
Unloading 31 unused Assets / (190.0 KB). Loaded Objects now: 4588.
Memory consumption went from 156.7 MB to 156.5 MB.
Total: 4.031500 ms (FindLiveObjects: 0.346000 ms CreateObjectMapping: 0.126500 ms MarkObjects: 3.383300 ms  DeleteObjects: 0.174000 ms)

AssetImportParameters requested are different than current active one (requested -> active):
  custom:video-decoder-ogg-theora: a1e56fd34408186e4bbccfd4996cb3dc -> 
  custom:container-muxer-webm: aa71ff27fc2769a1b78a27578f13a17b -> 
  custom:container-demuxer-webm: 4f35f7cbe854078d1ac9338744f61a02 -> 
  custom:video-encoder-webm-vp8: eb34c28f22e8b96e1ab97ce403110664 -> 
  custom:audio-encoder-webm-vorbis: bf7c407c2cedff20999df2af8eb42d56 -> 
  custom:framework-win-MediaFoundation: 216162199b28c13a410421893ffa2e32 -> 
  custom:container-demuxer-ogg: 62fdf1f143b41e24485cea50d1cbac27 -> 
  custom:video-decoder-webm-vp8: 9c59270c3fd7afecdb556c50c9e8de78 -> 
  custom:audio-decoder-ogg-vorbis: bf7c407c2cedff20999df2af8eb42d56 -> 
