Using pre-set license
Built from '2021.3/staging' branch; Version is '2021.3.4f1 (cb45f9cae8b7) revision 13321721'; Using compiler version '192829333'; Build Type 'Release'
OS: 'Windows 11  (10.0.22000) 64bit Professional' Language: 'ko' Physical Memory: 16334 MB
BatchMode: 1, IsHumanControllingUs: 0, StartBugReporterOnCrash: 0, Is64bit: 1, IsPro: 1

COMMAND LINE ARGUMENTS:
C:\Program Files\Unity\Hub\Editor\2021.3.4f1\Editor\Unity.exe
-adb2
-batchMode
-noUpm
-name
AssetImportWorker1
-projectPath
C:/Users/thddb/My project
-logFile
Logs/AssetImportWorker1.log
-srvPort
64213
Successfully changed project path to: C:/Users/thddb/My project
C:/Users/thddb/My project
[UnityMemory] Configuration Parameters - Can be set up in boot.config
    "memorysetup-bucket-allocator-granularity=16"
    "memorysetup-bucket-allocator-bucket-count=8"
    "memorysetup-bucket-allocator-block-size=33554432"
    "memorysetup-bucket-allocator-block-count=8"
    "memorysetup-main-allocator-block-size=16777216"
    "memorysetup-thread-allocator-block-size=16777216"
    "memorysetup-gfx-main-allocator-block-size=16777216"
    "memorysetup-gfx-thread-allocator-block-size=16777216"
    "memorysetup-cache-allocator-block-size=4194304"
    "memorysetup-typetree-allocator-block-size=2097152"
    "memorysetup-profiler-bucket-allocator-granularity=16"
    "memorysetup-profiler-bucket-allocator-bucket-count=8"
    "memorysetup-profiler-bucket-allocator-block-size=33554432"
    "memorysetup-profiler-bucket-allocator-block-count=8"
    "memorysetup-profiler-allocator-block-size=16777216"
    "memorysetup-profiler-editor-allocator-block-size=1048576"
    "memorysetup-temp-allocator-size-main=16777216"
    "memorysetup-job-temp-allocator-block-size=2097152"
    "memorysetup-job-temp-allocator-block-size-background=1048576"
    "memorysetup-job-temp-allocator-reduction-small-platforms=262144"
    "memorysetup-temp-allocator-size-background-worker=32768"
    "memorysetup-temp-allocator-size-job-worker=262144"
    "memorysetup-temp-allocator-size-preload-manager=33554432"
    "memorysetup-temp-allocator-size-nav-mesh-worker=65536"
    "memorysetup-temp-allocator-size-audio-worker=65536"
    "memorysetup-temp-allocator-size-cloud-worker=32768"
    "memorysetup-temp-allocator-size-gi-baking-worker=262144"
    "memorysetup-temp-allocator-size-gfx=262144"
Refreshing native plugins compatible for Editor in 118.53 ms, found 4 plugins.
Preloading 0 native plugins for Editor in 0.00 ms.
Initialize engine version: 2021.3.4f1 (cb45f9cae8b7)
[Subsystems] Discovering subsystems at path C:/Program Files/Unity/Hub/Editor/2021.3.4f1/Editor/Data/Resources/UnitySubsystems
[Subsystems] Discovering subsystems at path C:/Users/thddb/My project/Assets
GfxDevice: creating device client; threaded=0; jobified=0
Direct3D:
    Version:  Direct3D 11.0 [level 11.1]
    Renderer: NVIDIA GeForce GTX 1060 3GB (ID=0x1b84)
    Vendor:   NVIDIA
    VRAM:     2988 MB
    Driver:   30.0.15.1295
Initialize mono
Mono path[0] = 'C:/Program Files/Unity/Hub/Editor/2021.3.4f1/Editor/Data/Managed'
Mono path[1] = 'C:/Program Files/Unity/Hub/Editor/2021.3.4f1/Editor/Data/MonoBleedingEdge/lib/mono/unityjit-win32'
Mono config path = 'C:/Program Files/Unity/Hub/Editor/2021.3.4f1/Editor/Data/MonoBleedingEdge/etc'
Using monoOptions --debugger-agent=transport=dt_socket,embedding=1,server=y,suspend=n,address=127.0.0.1:56292
Begin MonoManager ReloadAssembly
Registering precompiled unity dll's ...
Register platform support module: C:/Program Files/Unity/Hub/Editor/2021.3.4f1/Editor/Data/PlaybackEngines/WebGLSupport/UnityEditor.WebGL.Extensions.dll
Register platform support module: C:/Program Files/Unity/Hub/Editor/2021.3.4f1/Editor/Data/PlaybackEngines/WindowsStandaloneSupport/UnityEditor.WindowsStandalone.Extensions.dll
Registered in 0.007143 seconds.
Native extension for WindowsStandalone target not found
Native extension for WebGL target not found
Refreshing native plugins compatible for Editor in 110.47 ms, found 4 plugins.
Preloading 0 native plugins for Editor in 0.00 ms.
Mono: successfully reloaded assembly
- Completed reload, in  0.712 seconds
Domain Reload Profiling:
	ReloadAssembly (712ms)
		BeginReloadAssembly (78ms)
			ExecutionOrderSort (0ms)
			DisableScriptedObjects (0ms)
			BackupInstance (0ms)
			ReleaseScriptingObjects (0ms)
			CreateAndSetChildDomain (1ms)
		EndReloadAssembly (514ms)
			LoadAssemblies (76ms)
			RebuildTransferFunctionScriptingTraits (0ms)
			SetupTypeCache (121ms)
			ReleaseScriptCaches (0ms)
			RebuildScriptCaches (30ms)
			SetupLoadedEditorAssemblies (302ms)
				LogAssemblyErrors (0ms)
				InitializePlatformSupportModulesInManaged (9ms)
				SetLoadedEditorAssemblies (0ms)
				RefreshPlugins (111ms)
				BeforeProcessingInitializeOnLoad (2ms)
				ProcessInitializeOnLoadAttributes (131ms)
				ProcessInitializeOnLoadMethodAttributes (49ms)
				AfterProcessingInitializeOnLoad (0ms)
				EditorAssembliesLoaded (0ms)
			ExecutionOrderSort2 (0ms)
			AwakeInstancesAfterBackupRestoration (0ms)
Platform modules already initialized, skipping
Registering precompiled user dll's ...
Registered in 0.008689 seconds.
Begin MonoManager ReloadAssembly
Symbol file LoadedFromMemory doesn't match image C:\Users\thddb\My project\Library\PackageCache\com.unity.visualscripting@1.7.8\Editor\VisualScripting.Core\Dependencies\YamlDotNet\Unity.VisualScripting.YamlDotNet.dll
Symbol file LoadedFromMemory doesn't match image C:\Users\thddb\My project\Library\PackageCache\com.unity.visualscripting@1.7.8\Editor\VisualScripting.Core\Dependencies\DotNetZip\Unity.VisualScripting.IonicZip.dll
Native extension for WindowsStandalone target not found
Native extension for WebGL target not found
Refreshing native plugins compatible for Editor in 112.55 ms, found 4 plugins.
Preloading 0 native plugins for Editor in 0.00 ms.
Mono: successfully reloaded assembly
- Completed reload, in  1.290 seconds
Domain Reload Profiling:
	ReloadAssembly (1291ms)
		BeginReloadAssembly (123ms)
			ExecutionOrderSort (0ms)
			DisableScriptedObjects (7ms)
			BackupInstance (0ms)
			ReleaseScriptingObjects (0ms)
			CreateAndSetChildDomain (20ms)
		EndReloadAssembly (1035ms)
			LoadAssemblies (90ms)
			RebuildTransferFunctionScriptingTraits (0ms)
			SetupTypeCache (275ms)
			ReleaseScriptCaches (1ms)
			RebuildScriptCaches (61ms)
			SetupLoadedEditorAssemblies (548ms)
				LogAssemblyErrors (0ms)
				InitializePlatformSupportModulesInManaged (6ms)
				SetLoadedEditorAssemblies (0ms)
				RefreshPlugins (113ms)
				BeforeProcessingInitializeOnLoad (111ms)
				ProcessInitializeOnLoadAttributes (259ms)
				ProcessInitializeOnLoadMethodAttributes (50ms)
				AfterProcessingInitializeOnLoad (8ms)
				EditorAssembliesLoaded (0ms)
			ExecutionOrderSort2 (0ms)
			AwakeInstancesAfterBackupRestoration (6ms)
Platform modules already initialized, skipping
========================================================================
Worker process is ready to serve import requests
Launched and connected shader compiler UnityShaderCompiler.exe after 0.06 seconds
Refreshing native plugins compatible for Editor in 0.87 ms, found 4 plugins.
Preloading 0 native plugins for Editor in 0.00 ms.
Unloading 4084 Unused Serialized files (Serialized files now loaded: 0)
Unloading 44 unused Assets / (222.6 KB). Loaded Objects now: 4535.
Memory consumption went from 153.5 MB to 153.3 MB.
Total: 4.454500 ms (FindLiveObjects: 0.453600 ms CreateObjectMapping: 0.125200 ms MarkObjects: 3.551800 ms  DeleteObjects: 0.321500 ms)

AssetImportParameters requested are different than current active one (requested -> active):
  custom:video-decoder-ogg-theora: a1e56fd34408186e4bbccfd4996cb3dc -> 
  custom:container-muxer-webm: aa71ff27fc2769a1b78a27578f13a17b -> 
  custom:container-demuxer-webm: 4f35f7cbe854078d1ac9338744f61a02 -> 
  custom:video-encoder-webm-vp8: eb34c28f22e8b96e1ab97ce403110664 -> 
  custom:audio-encoder-webm-vorbis: bf7c407c2cedff20999df2af8eb42d56 -> 
  custom:framework-win-MediaFoundation: 216162199b28c13a410421893ffa2e32 -> 
  custom:container-demuxer-ogg: 62fdf1f143b41e24485cea50d1cbac27 -> 
  custom:video-decoder-webm-vp8: 9c59270c3fd7afecdb556c50c9e8de78 -> 
  custom:audio-decoder-ogg-vorbis: bf7c407c2cedff20999df2af8eb42d56 -> 
========================================================================
Received Import Request.
  Time since last request: 306097.457461 seconds.
  path: Assets/Asset/Prefab/Circle 7.prefab
  artifactKey: Guid(3955076080f27b54b8792495c2732e9c) Importer(815301076,1909f56bfc062723c751e8b465ee728b)
Start importing Assets/Asset/Prefab/Circle 7.prefab using Guid(3955076080f27b54b8792495c2732e9c) Importer(815301076,1909f56bfc062723c751e8b465ee728b)  -> (artifact id: 'ee694f18b1124f7829810aadd95af392') in 0.123673 seconds 
========================================================================
Received Import Request.
  Time since last request: 0.000044 seconds.
  path: Assets/Asset/Prefab/Circle 6.prefab
  artifactKey: Guid(d68feca7ebfc9ab449ce1d078315b632) Importer(815301076,1909f56bfc062723c751e8b465ee728b)
Start importing Assets/Asset/Prefab/Circle 6.prefab using Guid(d68feca7ebfc9ab449ce1d078315b632) Importer(815301076,1909f56bfc062723c751e8b465ee728b)  -> (artifact id: '1338b07992af9e6c8b85692d7daa9a0d') in 0.017816 seconds 
========================================================================
Received Import Request.
  Time since last request: 0.000024 seconds.
  path: Assets/Asset/Prefab/Circle 8.prefab
  artifactKey: Guid(1f95f8e83d54a92489f8097ed744185e) Importer(815301076,1909f56bfc062723c751e8b465ee728b)
Start importing Assets/Asset/Prefab/Circle 8.prefab using Guid(1f95f8e83d54a92489f8097ed744185e) Importer(815301076,1909f56bfc062723c751e8b465ee728b)  -> (artifact id: 'e4c3c8ad7643691ccd9a536bf7ab0906') in 0.017981 seconds 
========================================================================
Received Import Request.
  Time since last request: 4.910342 seconds.
  path: Assets/Asset/Prefab/Circle 7.prefab
  artifactKey: Guid(3955076080f27b54b8792495c2732e9c) Importer(815301076,1909f56bfc062723c751e8b465ee728b)
Start importing Assets/Asset/Prefab/Circle 7.prefab using Guid(3955076080f27b54b8792495c2732e9c) Importer(815301076,1909f56bfc062723c751e8b465ee728b)  -> (artifact id: 'd415951d8b3b49e3f849817cf23f95a3') in 0.022436 seconds 
========================================================================
Received Import Request.
  Time since last request: 0.000028 seconds.
  path: Assets/Asset/Prefab/Circle 9.prefab
  artifactKey: Guid(7023cbdbd05d06b44878d3adb8498b6e) Importer(815301076,1909f56bfc062723c751e8b465ee728b)
Start importing Assets/Asset/Prefab/Circle 9.prefab using Guid(7023cbdbd05d06b44878d3adb8498b6e) Importer(815301076,1909f56bfc062723c751e8b465ee728b)  -> (artifact id: '98e544cf28f4b7a830286a80a1e1ddcd') in 0.013961 seconds 
========================================================================
Received Import Request.
  Time since last request: 4.219024 seconds.
  path: Assets/Asset/Prefab/Circle 7.prefab
  artifactKey: Guid(3955076080f27b54b8792495c2732e9c) Importer(815301076,1909f56bfc062723c751e8b465ee728b)
Start importing Assets/Asset/Prefab/Circle 7.prefab using Guid(3955076080f27b54b8792495c2732e9c) Importer(815301076,1909f56bfc062723c751e8b465ee728b)  -> (artifact id: 'adb54397ed24ceda08a2d5431e0f0d62') in 0.016433 seconds 
========================================================================
Received Import Request.
  Time since last request: 0.000040 seconds.
  path: Assets/Asset/Prefab/Circle 8.prefab
  artifactKey: Guid(1f95f8e83d54a92489f8097ed744185e) Importer(815301076,1909f56bfc062723c751e8b465ee728b)
Start importing Assets/Asset/Prefab/Circle 8.prefab using Guid(1f95f8e83d54a92489f8097ed744185e) Importer(815301076,1909f56bfc062723c751e8b465ee728b)  -> (artifact id: '1ad95f7b72f544f7e51d3ce20b432211') in 0.012964 seconds 
========================================================================
Received Import Request.
  Time since last request: 8.508083 seconds.
  path: Assets/Asset/Prefab/Circle 7.prefab
  artifactKey: Guid(3955076080f27b54b8792495c2732e9c) Importer(815301076,1909f56bfc062723c751e8b465ee728b)
Start importing Assets/Asset/Prefab/Circle 7.prefab using Guid(3955076080f27b54b8792495c2732e9c) Importer(815301076,1909f56bfc062723c751e8b465ee728b)  -> (artifact id: 'dd90b7f525aafdbbe6d6f8a3a1341c9a') in 0.012730 seconds 
========================================================================
Received Import Request.
  Time since last request: 0.000022 seconds.
  path: Assets/Asset/Prefab/Circle 8.prefab
  artifactKey: Guid(1f95f8e83d54a92489f8097ed744185e) Importer(815301076,1909f56bfc062723c751e8b465ee728b)
Start importing Assets/Asset/Prefab/Circle 8.prefab using Guid(1f95f8e83d54a92489f8097ed744185e) Importer(815301076,1909f56bfc062723c751e8b465ee728b)  -> (artifact id: 'c921bcffd28b8259efa857a99dbeaaa9') in 0.010937 seconds 
========================================================================
Received Import Request.
  Time since last request: 10.684457 seconds.
  path: Assets/Asset/Prefab/Circle 7.prefab
  artifactKey: Guid(3955076080f27b54b8792495c2732e9c) Importer(815301076,1909f56bfc062723c751e8b465ee728b)
Start importing Assets/Asset/Prefab/Circle 7.prefab using Guid(3955076080f27b54b8792495c2732e9c) Importer(815301076,1909f56bfc062723c751e8b465ee728b)  -> (artifact id: '227fd0c5e48c7035827f27ddb073525f') in 0.012181 seconds 
========================================================================
Received Import Request.
  Time since last request: 0.000025 seconds.
  path: Assets/Asset/Prefab/Circle 8.prefab
  artifactKey: Guid(1f95f8e83d54a92489f8097ed744185e) Importer(815301076,1909f56bfc062723c751e8b465ee728b)
Start importing Assets/Asset/Prefab/Circle 8.prefab using Guid(1f95f8e83d54a92489f8097ed744185e) Importer(815301076,1909f56bfc062723c751e8b465ee728b)  -> (artifact id: '45d3b0159c81cd6f4b784edcacf5dc0e') in 0.011887 seconds 
